<?xml version="1.0" encoding="UTF-8"?>
<testsuite name="co.lsnbox.auth.AccountControllerTest" tests="1" skipped="0" failures="0" errors="0" timestamp="2016-01-05T01:51:07" hostname="luciano-All-Series" time="0.078">
  <properties/>
  <testcase name="findCurrentTest" classname="co.lsnbox.auth.AccountControllerTest" time="0.078"/>
  <system-out><![CDATA[23:51:04.322 [Test worker] DEBUG o.s.t.c.j.SpringJUnit4ClassRunner - SpringJUnit4ClassRunner constructor called with [class co.lsnbox.auth.AccountControllerTest]
23:51:04.325 [Test worker] DEBUG o.s.test.context.BootstrapUtils - Instantiating CacheAwareContextLoaderDelegate from class [org.springframework.test.context.cache.DefaultCacheAwareContextLoaderDelegate]
23:51:04.328 [Test worker] DEBUG o.s.test.context.BootstrapUtils - Instantiating BootstrapContext using constructor [public org.springframework.test.context.support.DefaultBootstrapContext(java.lang.Class,org.springframework.test.context.CacheAwareContextLoaderDelegate)]
23:51:04.334 [Test worker] DEBUG o.s.test.context.BootstrapUtils - Instantiating TestContextBootstrapper for test class [co.lsnbox.auth.AccountControllerTest] from class [org.springframework.test.context.web.WebTestContextBootstrapper]
23:51:04.344 [Test worker] DEBUG o.s.t.c.w.WebTestContextBootstrapper - Found explicit ContextLoader class [org.springframework.boot.test.SpringApplicationContextLoader] for context configuration attributes [ContextConfigurationAttributes@61e172af declaringClass = 'co.lsnbox.auth.AbstractTest', classes = '{class co.lsnbox.auth.AuthserverApplication}', locations = '{}', inheritLocations = true, initializers = '{}', inheritInitializers = true, name = [null], contextLoaderClass = 'org.springframework.boot.test.SpringApplicationContextLoader']
23:51:04.346 [Test worker] DEBUG o.s.t.c.s.AbstractContextLoader - Did not detect default resource location for test class [co.lsnbox.auth.AbstractTest]: class path resource [co/lsnbox/auth/AbstractTest-context.xml] does not exist
23:51:04.347 [Test worker] DEBUG o.s.t.c.s.AbstractContextLoader - Did not detect default resource location for test class [co.lsnbox.auth.AbstractTest]: class path resource [co/lsnbox/auth/AbstractTestContext.groovy] does not exist
23:51:04.347 [Test worker] INFO  o.s.t.c.s.AbstractContextLoader - Could not detect default resource locations for test class [co.lsnbox.auth.AbstractTest]: no resource found for suffixes {-context.xml, Context.groovy}.
23:51:04.348 [Test worker] DEBUG o.s.t.c.support.ActiveProfilesUtils - Could not find an 'annotation declaring class' for annotation type [org.springframework.test.context.ActiveProfiles] and class [co.lsnbox.auth.AccountControllerTest]
23:51:04.350 [Test worker] DEBUG o.s.t.c.w.WebTestContextBootstrapper - @TestExecutionListeners is not present for class [co.lsnbox.auth.AccountControllerTest]: using defaults.
23:51:04.354 [Test worker] INFO  o.s.t.c.w.WebTestContextBootstrapper - Loaded default TestExecutionListener class names from location [META-INF/spring.factories]: [org.springframework.test.context.web.ServletTestExecutionListener, org.springframework.test.context.support.DirtiesContextBeforeModesTestExecutionListener, org.springframework.test.context.support.DependencyInjectionTestExecutionListener, org.springframework.test.context.support.DirtiesContextTestExecutionListener, org.springframework.test.context.transaction.TransactionalTestExecutionListener, org.springframework.test.context.jdbc.SqlScriptsTestExecutionListener]
23:51:04.361 [Test worker] INFO  o.s.t.c.w.WebTestContextBootstrapper - Using TestExecutionListeners: [org.springframework.test.context.web.ServletTestExecutionListener@79ce1691, org.springframework.test.context.support.DirtiesContextBeforeModesTestExecutionListener@401adec0, org.springframework.test.context.support.DependencyInjectionTestExecutionListener@1a3cb72b, org.springframework.test.context.support.DirtiesContextTestExecutionListener@73d3c370, org.springframework.test.context.transaction.TransactionalTestExecutionListener@7a203905, org.springframework.test.context.jdbc.SqlScriptsTestExecutionListener@6c5a045f]
23:51:04.363 [Test worker] DEBUG o.s.t.annotation.ProfileValueUtils - Retrieved @ProfileValueSourceConfiguration [null] for test class [co.lsnbox.auth.AccountControllerTest]
23:51:04.363 [Test worker] DEBUG o.s.t.annotation.ProfileValueUtils - Retrieved ProfileValueSource type [class org.springframework.test.annotation.SystemProfileValueSource] for class [co.lsnbox.auth.AccountControllerTest]
23:51:04.363 [Test worker] DEBUG o.s.t.annotation.ProfileValueUtils - Retrieved @ProfileValueSourceConfiguration [null] for test class [co.lsnbox.auth.AccountControllerTest]
23:51:04.363 [Test worker] DEBUG o.s.t.annotation.ProfileValueUtils - Retrieved ProfileValueSource type [class org.springframework.test.annotation.SystemProfileValueSource] for class [co.lsnbox.auth.AccountControllerTest]
23:51:04.365 [Test worker] DEBUG o.s.t.c.s.AbstractDirtiesContextTestExecutionListener - Before test class: context [DefaultTestContext@842910a testClass = AccountControllerTest, testInstance = [null], testMethod = [null], testException = [null], mergedContextConfiguration = [WebMergedContextConfiguration@1fb850bd testClass = AccountControllerTest, locations = '{}', classes = '{class co.lsnbox.auth.AuthserverApplication}', contextInitializerClasses = '[]', activeProfiles = '{}', propertySourceLocations = '{}', propertySourceProperties = '{}', resourceBasePath = 'src/main/webapp', contextLoader = 'org.springframework.boot.test.SpringApplicationContextLoader', parent = [null]]], class annotated with @DirtiesContext [false] with mode [null].
23:51:04.365 [Test worker] DEBUG o.s.t.annotation.ProfileValueUtils - Retrieved @ProfileValueSourceConfiguration [null] for test class [co.lsnbox.auth.AccountControllerTest]
23:51:04.365 [Test worker] DEBUG o.s.t.annotation.ProfileValueUtils - Retrieved ProfileValueSource type [class org.springframework.test.annotation.SystemProfileValueSource] for class [co.lsnbox.auth.AccountControllerTest]
23:51:04.401 [Test worker] DEBUG o.s.core.env.StandardEnvironment - Adding [systemProperties] PropertySource with lowest search precedence
23:51:04.402 [Test worker] DEBUG o.s.core.env.StandardEnvironment - Adding [systemEnvironment] PropertySource with lowest search precedence
23:51:04.402 [Test worker] DEBUG o.s.core.env.StandardEnvironment - Initialized StandardEnvironment with PropertySources [systemProperties,systemEnvironment]
23:51:04.403 [Test worker] DEBUG o.s.core.env.StandardEnvironment - Adding [integrationTest] PropertySource with search precedence immediately lower than [systemEnvironment]
2016-01-04 23:51:04.580  INFO 15727 --- [    Test worker] o.s.boot.SpringApplication               : Starting application on luciano-All-Series with PID 15727 (/home/luciano/.gradle/caches/modules-2/files-2.1/org.springframework.boot/spring-boot/1.3.1.RELEASE/7ea554d1d14e180ee080abc3e7c19e316a700188/spring-boot-1.3.1.RELEASE.jar started by luciano in /home/luciano/git/auth)
2016-01-04 23:51:04.581  INFO 15727 --- [    Test worker] o.s.boot.SpringApplication               : No active profile set, falling back to default profiles: default
2016-01-04 23:51:04.600  INFO 15727 --- [    Test worker] s.c.a.AnnotationConfigApplicationContext : Refreshing org.springframework.context.annotation.AnnotationConfigApplicationContext@18112173: startup date [Mon Jan 04 23:51:04 BRST 2016]; root of context hierarchy
2016-01-04 23:51:04.741  INFO 15727 --- [    Test worker] f.a.AutowiredAnnotationBeanPostProcessor : JSR-330 'javax.inject.Inject' annotation found and supported for autowiring
2016-01-04 23:51:04.790  INFO 15727 --- [    Test worker] trationDelegate$BeanPostProcessorChecker : Bean 'configurationPropertiesRebinderAutoConfiguration' of type [class org.springframework.cloud.autoconfigure.ConfigurationPropertiesRebinderAutoConfiguration$$EnhancerBySpringCGLIB$$c4eeff5] is not eligible for getting processed by all BeanPostProcessors (for example: not eligible for auto-proxying)
2016-01-04 23:51:04.907  INFO 15727 --- [    Test worker] o.s.boot.SpringApplication               : Started application in 0.47 seconds (JVM running for 1.021)

  .   ____          _            __ _ _
 /\\ / ___'_ __ _ _(_)_ __  __ _ \ \ \ \
( ( )\___ | '_ | '_| | '_ \/ _` | \ \ \ \
 \\/  ___)| |_)| | | | | || (_| |  ) ) ) )
  '  |____| .__|_| |_|_| |_\__, | / / / /
 =========|_|==============|___/=/_/_/_/
 :: Spring Boot ::        (v1.3.1.RELEASE)

2016-01-04 23:51:04.972  INFO 15727 --- [    Test worker] co.lsnbox.auth.AccountControllerTest     : No active profile set, falling back to default profiles: default
2016-01-04 23:51:04.980  INFO 15727 --- [    Test worker] o.s.w.c.s.GenericWebApplicationContext   : Refreshing org.springframework.web.context.support.GenericWebApplicationContext@5fdee6e: startup date [Mon Jan 04 23:51:04 BRST 2016]; parent: org.springframework.context.annotation.AnnotationConfigApplicationContext@18112173
2016-01-04 23:51:04.981 DEBUG 15727 --- [    Test worker] o.s.w.c.s.GenericWebApplicationContext   : Bean factory for org.springframework.web.context.support.GenericWebApplicationContext@5fdee6e: org.springframework.beans.factory.support.DefaultListableBeanFactory@6d6edaed: defining beans [org.springframework.context.annotation.internalConfigurationAnnotationProcessor,org.springframework.context.annotation.internalAutowiredAnnotationProcessor,org.springframework.context.annotation.internalRequiredAnnotationProcessor,org.springframework.context.annotation.internalCommonAnnotationProcessor,org.springframework.context.event.internalEventListenerProcessor,org.springframework.context.event.internalEventListenerFactory,authserverApplication]; parent: org.springframework.beans.factory.support.DefaultListableBeanFactory@4bd9a7d2
2016-01-04 23:51:05.558  INFO 15727 --- [    Test worker] o.s.b.f.s.DefaultListableBeanFactory     : Overriding bean definition for bean 'beanNameViewResolver' with a different definition: replacing [Root bean: class [null]; scope=; abstract=false; lazyInit=false; autowireMode=3; dependencyCheck=0; autowireCandidate=true; primary=false; factoryBeanName=org.springframework.boot.autoconfigure.web.ErrorMvcAutoConfiguration$WhitelabelErrorViewConfiguration; factoryMethodName=beanNameViewResolver; initMethodName=null; destroyMethodName=(inferred); defined in class path resource [org/springframework/boot/autoconfigure/web/ErrorMvcAutoConfiguration$WhitelabelErrorViewConfiguration.class]] with [Root bean: class [null]; scope=; abstract=false; lazyInit=false; autowireMode=3; dependencyCheck=0; autowireCandidate=true; primary=false; factoryBeanName=org.springframework.boot.autoconfigure.web.WebMvcAutoConfiguration$WebMvcAutoConfigurationAdapter; factoryMethodName=beanNameViewResolver; initMethodName=null; destroyMethodName=(inferred); defined in class path resource [org/springframework/boot/autoconfigure/web/WebMvcAutoConfiguration$WebMvcAutoConfigurationAdapter.class]]
2016-01-04 23:51:05.601  INFO 15727 --- [    Test worker] o.s.b.f.s.DefaultListableBeanFactory     : Overriding bean definition for bean 'managementServletContext' with a different definition: replacing [Root bean: class [null]; scope=; abstract=false; lazyInit=false; autowireMode=3; dependencyCheck=0; autowireCandidate=true; primary=false; factoryBeanName=org.springframework.boot.actuate.autoconfigure.EndpointWebMvcHypermediaManagementContextConfiguration; factoryMethodName=managementServletContext; initMethodName=null; destroyMethodName=(inferred); defined in class path resource [org/springframework/boot/actuate/autoconfigure/EndpointWebMvcHypermediaManagementContextConfiguration.class]] with [Root bean: class [null]; scope=; abstract=false; lazyInit=false; autowireMode=3; dependencyCheck=0; autowireCandidate=true; primary=false; factoryBeanName=org.springframework.boot.actuate.autoconfigure.EndpointWebMvcAutoConfiguration; factoryMethodName=managementServletContext; initMethodName=null; destroyMethodName=(inferred); defined in class path resource [org/springframework/boot/actuate/autoconfigure/EndpointWebMvcAutoConfiguration.class]]
2016-01-04 23:51:05.709  INFO 15727 --- [    Test worker] o.s.cloud.context.scope.GenericScope     : BeanFactory id=fdbaef74-fd1e-322b-be49-e702e1038955
2016-01-04 23:51:05.717  INFO 15727 --- [    Test worker] f.a.AutowiredAnnotationBeanPostProcessor : JSR-330 'javax.inject.Inject' annotation found and supported for autowiring
2016-01-04 23:51:05.735  INFO 15727 --- [    Test worker] trationDelegate$BeanPostProcessorChecker : Bean 'org.springframework.cloud.autoconfigure.ConfigurationPropertiesRebinderAutoConfiguration' of type [class org.springframework.cloud.autoconfigure.ConfigurationPropertiesRebinderAutoConfiguration$$EnhancerBySpringCGLIB$$c4eeff5] is not eligible for getting processed by all BeanPostProcessors (for example: not eligible for auto-proxying)
2016-01-04 23:51:05.738  INFO 15727 --- [    Test worker] trationDelegate$BeanPostProcessorChecker : Bean 'org.springframework.cloud.autoconfigure.RefreshEndpointAutoConfiguration' of type [class org.springframework.cloud.autoconfigure.RefreshEndpointAutoConfiguration$$EnhancerBySpringCGLIB$$3f2ceb2b] is not eligible for getting processed by all BeanPostProcessors (for example: not eligible for auto-proxying)
2016-01-04 23:51:05.743 DEBUG 15727 --- [    Test worker] o.s.w.c.s.GenericWebApplicationContext   : Unable to locate MessageSource with name 'messageSource': using default [org.springframework.context.support.DelegatingMessageSource@39aa8555]
2016-01-04 23:51:05.743 DEBUG 15727 --- [    Test worker] o.s.w.c.s.GenericWebApplicationContext   : Using ApplicationEventMulticaster [org.springframework.context.event.SimpleApplicationEventMulticaster@5a4b3623]
2016-01-04 23:51:06.323 DEBUG 15727 --- [    Test worker] .s.o.p.e.FrameworkEndpointHandlerMapping : Looking for request mappings in application context: org.springframework.web.context.support.GenericWebApplicationContext@5fdee6e: startup date [Mon Jan 04 23:51:04 BRST 2016]; parent: org.springframework.context.annotation.AnnotationConfigApplicationContext@18112173
2016-01-04 23:51:06.330 DEBUG 15727 --- [    Test worker] .s.o.p.e.FrameworkEndpointHandlerMapping : 2 request handler methods found on class org.springframework.security.oauth2.provider.endpoint.AuthorizationEndpoint: {public org.springframework.web.servlet.ModelAndView org.springframework.security.oauth2.provider.endpoint.AuthorizationEndpoint.authorize(java.util.Map,java.util.Map,org.springframework.web.bind.support.SessionStatus,java.security.Principal)={[/oauth/authorize]}, public org.springframework.web.servlet.View org.springframework.security.oauth2.provider.endpoint.AuthorizationEndpoint.approveOrDeny(java.util.Map,java.util.Map,org.springframework.web.bind.support.SessionStatus,java.security.Principal)={[/oauth/authorize],methods=[POST],params=[user_oauth_approval]}}
2016-01-04 23:51:06.330  INFO 15727 --- [    Test worker] .s.o.p.e.FrameworkEndpointHandlerMapping : Mapped "{[/oauth/authorize]}" onto public org.springframework.web.servlet.ModelAndView org.springframework.security.oauth2.provider.endpoint.AuthorizationEndpoint.authorize(java.util.Map<java.lang.String, java.lang.Object>,java.util.Map<java.lang.String, java.lang.String>,org.springframework.web.bind.support.SessionStatus,java.security.Principal)
2016-01-04 23:51:06.331  INFO 15727 --- [    Test worker] .s.o.p.e.FrameworkEndpointHandlerMapping : Mapped "{[/oauth/authorize],methods=[POST],params=[user_oauth_approval]}" onto public org.springframework.web.servlet.View org.springframework.security.oauth2.provider.endpoint.AuthorizationEndpoint.approveOrDeny(java.util.Map<java.lang.String, java.lang.String>,java.util.Map<java.lang.String, ?>,org.springframework.web.bind.support.SessionStatus,java.security.Principal)
2016-01-04 23:51:06.332 DEBUG 15727 --- [    Test worker] .s.o.p.e.FrameworkEndpointHandlerMapping : 2 request handler methods found on class org.springframework.security.oauth2.provider.endpoint.TokenEndpoint: {public org.springframework.http.ResponseEntity org.springframework.security.oauth2.provider.endpoint.TokenEndpoint.getAccessToken(java.security.Principal,java.util.Map) throws org.springframework.web.HttpRequestMethodNotSupportedException={[/oauth/token],methods=[GET]}, public org.springframework.http.ResponseEntity org.springframework.security.oauth2.provider.endpoint.TokenEndpoint.postAccessToken(java.security.Principal,java.util.Map) throws org.springframework.web.HttpRequestMethodNotSupportedException={[/oauth/token],methods=[POST]}}
2016-01-04 23:51:06.332  INFO 15727 --- [    Test worker] .s.o.p.e.FrameworkEndpointHandlerMapping : Mapped "{[/oauth/token],methods=[GET]}" onto public org.springframework.http.ResponseEntity<org.springframework.security.oauth2.common.OAuth2AccessToken> org.springframework.security.oauth2.provider.endpoint.TokenEndpoint.getAccessToken(java.security.Principal,java.util.Map<java.lang.String, java.lang.String>) throws org.springframework.web.HttpRequestMethodNotSupportedException
2016-01-04 23:51:06.332  INFO 15727 --- [    Test worker] .s.o.p.e.FrameworkEndpointHandlerMapping : Mapped "{[/oauth/token],methods=[POST]}" onto public org.springframework.http.ResponseEntity<org.springframework.security.oauth2.common.OAuth2AccessToken> org.springframework.security.oauth2.provider.endpoint.TokenEndpoint.postAccessToken(java.security.Principal,java.util.Map<java.lang.String, java.lang.String>) throws org.springframework.web.HttpRequestMethodNotSupportedException
2016-01-04 23:51:06.332 DEBUG 15727 --- [    Test worker] .s.o.p.e.FrameworkEndpointHandlerMapping : 1 request handler methods found on class org.springframework.security.oauth2.provider.endpoint.CheckTokenEndpoint: {public java.util.Map org.springframework.security.oauth2.provider.endpoint.CheckTokenEndpoint.checkToken(java.lang.String)={[/oauth/check_token]}}
2016-01-04 23:51:06.333  INFO 15727 --- [    Test worker] .s.o.p.e.FrameworkEndpointHandlerMapping : Mapped "{[/oauth/check_token]}" onto public java.util.Map<java.lang.String, ?> org.springframework.security.oauth2.provider.endpoint.CheckTokenEndpoint.checkToken(java.lang.String)
2016-01-04 23:51:06.333 DEBUG 15727 --- [    Test worker] .s.o.p.e.FrameworkEndpointHandlerMapping : 1 request handler methods found on class org.springframework.security.oauth2.provider.endpoint.WhitelabelApprovalEndpoint: {public org.springframework.web.servlet.ModelAndView org.springframework.security.oauth2.provider.endpoint.WhitelabelApprovalEndpoint.getAccessConfirmation(java.util.Map,javax.servlet.http.HttpServletRequest) throws java.lang.Exception={[/oauth/confirm_access]}}
2016-01-04 23:51:06.333  INFO 15727 --- [    Test worker] .s.o.p.e.FrameworkEndpointHandlerMapping : Mapped "{[/oauth/confirm_access]}" onto public org.springframework.web.servlet.ModelAndView org.springframework.security.oauth2.provider.endpoint.WhitelabelApprovalEndpoint.getAccessConfirmation(java.util.Map<java.lang.String, java.lang.Object>,javax.servlet.http.HttpServletRequest) throws java.lang.Exception
2016-01-04 23:51:06.334 DEBUG 15727 --- [    Test worker] .s.o.p.e.FrameworkEndpointHandlerMapping : 1 request handler methods found on class org.springframework.security.oauth2.provider.endpoint.WhitelabelErrorEndpoint: {public org.springframework.web.servlet.ModelAndView org.springframework.security.oauth2.provider.endpoint.WhitelabelErrorEndpoint.handleError(javax.servlet.http.HttpServletRequest)={[/oauth/error]}}
2016-01-04 23:51:06.334  INFO 15727 --- [    Test worker] .s.o.p.e.FrameworkEndpointHandlerMapping : Mapped "{[/oauth/error]}" onto public org.springframework.web.servlet.ModelAndView org.springframework.security.oauth2.provider.endpoint.WhitelabelErrorEndpoint.handleError(javax.servlet.http.HttpServletRequest)
2016-01-04 23:51:06.387 DEBUG 15727 --- [    Test worker] c.l.auth.configs.MongoConfiguration      : Configuring Mongeez
2016-01-04 23:51:06.413  INFO 15727 --- [    Test worker] org.mongeez.reader.FilesetXMLReader      : Num of changefiles 1
2016-01-04 23:51:06.430  INFO 15727 --- [    Test worker] org.mongeez.ChangeSetExecutor            : ChangeSet already executed: ChangeSet-001
2016-01-04 23:51:06.640 DEBUG 15727 --- [    Test worker] o.s.w.c.s.StandardServletEnvironment     : Adding [servletConfigInitParams] PropertySource with lowest search precedence
2016-01-04 23:51:06.640 DEBUG 15727 --- [    Test worker] o.s.w.c.s.StandardServletEnvironment     : Adding [servletContextInitParams] PropertySource with lowest search precedence
2016-01-04 23:51:06.642 DEBUG 15727 --- [    Test worker] o.s.w.c.s.StandardServletEnvironment     : Adding [systemProperties] PropertySource with lowest search precedence
2016-01-04 23:51:06.642 DEBUG 15727 --- [    Test worker] o.s.w.c.s.StandardServletEnvironment     : Adding [systemEnvironment] PropertySource with lowest search precedence
2016-01-04 23:51:06.642 DEBUG 15727 --- [    Test worker] o.s.w.c.s.StandardServletEnvironment     : Initialized StandardServletEnvironment with PropertySources [servletConfigInitParams,servletContextInitParams,systemProperties,systemEnvironment]
2016-01-04 23:51:06.648 DEBUG 15727 --- [    Test worker] o.s.w.c.s.StandardServletEnvironment     : Adding [servletConfigInitParams] PropertySource with lowest search precedence
2016-01-04 23:51:06.649 DEBUG 15727 --- [    Test worker] o.s.w.c.s.StandardServletEnvironment     : Adding [servletContextInitParams] PropertySource with lowest search precedence
2016-01-04 23:51:06.649 DEBUG 15727 --- [    Test worker] o.s.w.c.s.StandardServletEnvironment     : Adding [systemProperties] PropertySource with lowest search precedence
2016-01-04 23:51:06.649 DEBUG 15727 --- [    Test worker] o.s.w.c.s.StandardServletEnvironment     : Adding [systemEnvironment] PropertySource with lowest search precedence
2016-01-04 23:51:06.649 DEBUG 15727 --- [    Test worker] o.s.w.c.s.StandardServletEnvironment     : Initialized StandardServletEnvironment with PropertySources [servletConfigInitParams,servletContextInitParams,systemProperties,systemEnvironment]
2016-01-04 23:51:06.649 DEBUG 15727 --- [    Test worker] o.s.w.c.s.StandardServletEnvironment     : Adding [servletConfigInitParams] PropertySource with lowest search precedence
2016-01-04 23:51:06.649 DEBUG 15727 --- [    Test worker] o.s.w.c.s.StandardServletEnvironment     : Adding [servletContextInitParams] PropertySource with lowest search precedence
2016-01-04 23:51:06.650 DEBUG 15727 --- [    Test worker] o.s.w.c.s.StandardServletEnvironment     : Adding [systemProperties] PropertySource with lowest search precedence
2016-01-04 23:51:06.650 DEBUG 15727 --- [    Test worker] o.s.w.c.s.StandardServletEnvironment     : Adding [systemEnvironment] PropertySource with lowest search precedence
2016-01-04 23:51:06.650 DEBUG 15727 --- [    Test worker] o.s.w.c.s.StandardServletEnvironment     : Initialized StandardServletEnvironment with PropertySources [servletConfigInitParams,servletContextInitParams,systemProperties,systemEnvironment]
2016-01-04 23:51:06.651 DEBUG 15727 --- [    Test worker] o.s.w.c.s.StandardServletEnvironment     : Adding [servletConfigInitParams] PropertySource with lowest search precedence
2016-01-04 23:51:06.652 DEBUG 15727 --- [    Test worker] o.s.w.c.s.StandardServletEnvironment     : Adding [servletContextInitParams] PropertySource with lowest search precedence
2016-01-04 23:51:06.652 DEBUG 15727 --- [    Test worker] o.s.w.c.s.StandardServletEnvironment     : Adding [systemProperties] PropertySource with lowest search precedence
2016-01-04 23:51:06.652 DEBUG 15727 --- [    Test worker] o.s.w.c.s.StandardServletEnvironment     : Adding [systemEnvironment] PropertySource with lowest search precedence
2016-01-04 23:51:06.652 DEBUG 15727 --- [    Test worker] o.s.w.c.s.StandardServletEnvironment     : Initialized StandardServletEnvironment with PropertySources [servletConfigInitParams,servletContextInitParams,systemProperties,systemEnvironment]
2016-01-04 23:51:06.659 DEBUG 15727 --- [    Test worker] eGlobalAuthenticationAutowiredConfigurer : Eagerly initializing {webSecurityConfig=co.lsnbox.auth.WebSecurityConfig$$EnhancerBySpringCGLIB$$d7bd8615@748155a1}
2016-01-04 23:51:06.661 DEBUG 15727 --- [    Test worker] o.s.w.c.s.StandardServletEnvironment     : Adding [servletConfigInitParams] PropertySource with lowest search precedence
2016-01-04 23:51:06.661 DEBUG 15727 --- [    Test worker] o.s.w.c.s.StandardServletEnvironment     : Adding [servletContextInitParams] PropertySource with lowest search precedence
2016-01-04 23:51:06.661 DEBUG 15727 --- [    Test worker] o.s.w.c.s.StandardServletEnvironment     : Adding [systemProperties] PropertySource with lowest search precedence
2016-01-04 23:51:06.661 DEBUG 15727 --- [    Test worker] o.s.w.c.s.StandardServletEnvironment     : Adding [systemEnvironment] PropertySource with lowest search precedence
2016-01-04 23:51:06.662 DEBUG 15727 --- [    Test worker] o.s.w.c.s.StandardServletEnvironment     : Initialized StandardServletEnvironment with PropertySources [servletConfigInitParams,servletContextInitParams,systemProperties,systemEnvironment]
2016-01-04 23:51:06.662 DEBUG 15727 --- [    Test worker] o.s.w.c.s.StandardServletEnvironment     : Adding [servletConfigInitParams] PropertySource with lowest search precedence
2016-01-04 23:51:06.662 DEBUG 15727 --- [    Test worker] o.s.w.c.s.StandardServletEnvironment     : Adding [servletContextInitParams] PropertySource with lowest search precedence
2016-01-04 23:51:06.662 DEBUG 15727 --- [    Test worker] o.s.w.c.s.StandardServletEnvironment     : Adding [systemProperties] PropertySource with lowest search precedence
2016-01-04 23:51:06.662 DEBUG 15727 --- [    Test worker] o.s.w.c.s.StandardServletEnvironment     : Adding [systemEnvironment] PropertySource with lowest search precedence
2016-01-04 23:51:06.662 DEBUG 15727 --- [    Test worker] o.s.w.c.s.StandardServletEnvironment     : Initialized StandardServletEnvironment with PropertySources [servletConfigInitParams,servletContextInitParams,systemProperties,systemEnvironment]
2016-01-04 23:51:06.662 DEBUG 15727 --- [    Test worker] o.s.w.c.s.StandardServletEnvironment     : Adding [servletConfigInitParams] PropertySource with lowest search precedence
2016-01-04 23:51:06.662 DEBUG 15727 --- [    Test worker] o.s.w.c.s.StandardServletEnvironment     : Adding [servletContextInitParams] PropertySource with lowest search precedence
2016-01-04 23:51:06.663 DEBUG 15727 --- [    Test worker] o.s.w.c.s.StandardServletEnvironment     : Adding [systemProperties] PropertySource with lowest search precedence
2016-01-04 23:51:06.663 DEBUG 15727 --- [    Test worker] o.s.w.c.s.StandardServletEnvironment     : Adding [systemEnvironment] PropertySource with lowest search precedence
2016-01-04 23:51:06.663 DEBUG 15727 --- [    Test worker] o.s.w.c.s.StandardServletEnvironment     : Initialized StandardServletEnvironment with PropertySources [servletConfigInitParams,servletContextInitParams,systemProperties,systemEnvironment]
2016-01-04 23:51:06.770 DEBUG 15727 --- [    Test worker] o.s.w.c.s.StandardServletEnvironment     : Adding [servletConfigInitParams] PropertySource with lowest search precedence
2016-01-04 23:51:06.770 DEBUG 15727 --- [    Test worker] o.s.w.c.s.StandardServletEnvironment     : Adding [servletContextInitParams] PropertySource with lowest search precedence
2016-01-04 23:51:06.771 DEBUG 15727 --- [    Test worker] o.s.w.c.s.StandardServletEnvironment     : Adding [systemProperties] PropertySource with lowest search precedence
2016-01-04 23:51:06.771 DEBUG 15727 --- [    Test worker] o.s.w.c.s.StandardServletEnvironment     : Adding [systemEnvironment] PropertySource with lowest search precedence
2016-01-04 23:51:06.771 DEBUG 15727 --- [    Test worker] o.s.w.c.s.StandardServletEnvironment     : Initialized StandardServletEnvironment with PropertySources [servletConfigInitParams,servletContextInitParams,systemProperties,systemEnvironment]
2016-01-04 23:51:06.771 DEBUG 15727 --- [    Test worker] o.s.w.c.s.StandardServletEnvironment     : Adding [servletConfigInitParams] PropertySource with lowest search precedence
2016-01-04 23:51:06.771 DEBUG 15727 --- [    Test worker] o.s.w.c.s.StandardServletEnvironment     : Adding [servletContextInitParams] PropertySource with lowest search precedence
2016-01-04 23:51:06.771 DEBUG 15727 --- [    Test worker] o.s.w.c.s.StandardServletEnvironment     : Adding [systemProperties] PropertySource with lowest search precedence
2016-01-04 23:51:06.771 DEBUG 15727 --- [    Test worker] o.s.w.c.s.StandardServletEnvironment     : Adding [systemEnvironment] PropertySource with lowest search precedence
2016-01-04 23:51:06.771 DEBUG 15727 --- [    Test worker] o.s.w.c.s.StandardServletEnvironment     : Initialized StandardServletEnvironment with PropertySources [servletConfigInitParams,servletContextInitParams,systemProperties,systemEnvironment]
2016-01-04 23:51:06.771 DEBUG 15727 --- [    Test worker] o.s.w.c.s.StandardServletEnvironment     : Adding [servletConfigInitParams] PropertySource with lowest search precedence
2016-01-04 23:51:06.771 DEBUG 15727 --- [    Test worker] o.s.w.c.s.StandardServletEnvironment     : Adding [servletContextInitParams] PropertySource with lowest search precedence
2016-01-04 23:51:06.771 DEBUG 15727 --- [    Test worker] o.s.w.c.s.StandardServletEnvironment     : Adding [systemProperties] PropertySource with lowest search precedence
2016-01-04 23:51:06.772 DEBUG 15727 --- [    Test worker] o.s.w.c.s.StandardServletEnvironment     : Adding [systemEnvironment] PropertySource with lowest search precedence
2016-01-04 23:51:06.772 DEBUG 15727 --- [    Test worker] o.s.w.c.s.StandardServletEnvironment     : Initialized StandardServletEnvironment with PropertySources [servletConfigInitParams,servletContextInitParams,systemProperties,systemEnvironment]
2016-01-04 23:51:06.782 DEBUG 15727 --- [    Test worker] o.s.w.c.s.StandardServletEnvironment     : Adding [servletConfigInitParams] PropertySource with lowest search precedence
2016-01-04 23:51:06.782 DEBUG 15727 --- [    Test worker] o.s.w.c.s.StandardServletEnvironment     : Adding [servletContextInitParams] PropertySource with lowest search precedence
2016-01-04 23:51:06.782 DEBUG 15727 --- [    Test worker] o.s.w.c.s.StandardServletEnvironment     : Adding [systemProperties] PropertySource with lowest search precedence
2016-01-04 23:51:06.782 DEBUG 15727 --- [    Test worker] o.s.w.c.s.StandardServletEnvironment     : Adding [systemEnvironment] PropertySource with lowest search precedence
2016-01-04 23:51:06.782 DEBUG 15727 --- [    Test worker] o.s.w.c.s.StandardServletEnvironment     : Initialized StandardServletEnvironment with PropertySources [servletConfigInitParams,servletContextInitParams,systemProperties,systemEnvironment]
2016-01-04 23:51:06.782 DEBUG 15727 --- [    Test worker] o.s.w.c.s.StandardServletEnvironment     : Adding [servletConfigInitParams] PropertySource with lowest search precedence
2016-01-04 23:51:06.782 DEBUG 15727 --- [    Test worker] o.s.w.c.s.StandardServletEnvironment     : Adding [servletContextInitParams] PropertySource with lowest search precedence
2016-01-04 23:51:06.782 DEBUG 15727 --- [    Test worker] o.s.w.c.s.StandardServletEnvironment     : Adding [systemProperties] PropertySource with lowest search precedence
2016-01-04 23:51:06.782 DEBUG 15727 --- [    Test worker] o.s.w.c.s.StandardServletEnvironment     : Adding [systemEnvironment] PropertySource with lowest search precedence
2016-01-04 23:51:06.782 DEBUG 15727 --- [    Test worker] o.s.w.c.s.StandardServletEnvironment     : Initialized StandardServletEnvironment with PropertySources [servletConfigInitParams,servletContextInitParams,systemProperties,systemEnvironment]
2016-01-04 23:51:06.783 DEBUG 15727 --- [    Test worker] o.s.w.c.s.StandardServletEnvironment     : Adding [servletConfigInitParams] PropertySource with lowest search precedence
2016-01-04 23:51:06.783 DEBUG 15727 --- [    Test worker] o.s.w.c.s.StandardServletEnvironment     : Adding [servletContextInitParams] PropertySource with lowest search precedence
2016-01-04 23:51:06.783 DEBUG 15727 --- [    Test worker] o.s.w.c.s.StandardServletEnvironment     : Adding [systemProperties] PropertySource with lowest search precedence
2016-01-04 23:51:06.783 DEBUG 15727 --- [    Test worker] o.s.w.c.s.StandardServletEnvironment     : Adding [systemEnvironment] PropertySource with lowest search precedence
2016-01-04 23:51:06.783 DEBUG 15727 --- [    Test worker] o.s.w.c.s.StandardServletEnvironment     : Initialized StandardServletEnvironment with PropertySources [servletConfigInitParams,servletContextInitParams,systemProperties,systemEnvironment]
2016-01-04 23:51:06.786  INFO 15727 --- [    Test worker] o.s.s.web.DefaultSecurityFilterChain     : Creating filter chain: OrRequestMatcher [requestMatchers=[Ant [pattern='/css/**'], Ant [pattern='/js/**'], Ant [pattern='/images/**'], Ant [pattern='/**/favicon.ico'], Ant [pattern='/error']]], []
2016-01-04 23:51:06.793 DEBUG 15727 --- [    Test worker] o.s.w.c.s.StandardServletEnvironment     : Adding [servletConfigInitParams] PropertySource with lowest search precedence
2016-01-04 23:51:06.793 DEBUG 15727 --- [    Test worker] o.s.w.c.s.StandardServletEnvironment     : Adding [servletContextInitParams] PropertySource with lowest search precedence
2016-01-04 23:51:06.793 DEBUG 15727 --- [    Test worker] o.s.w.c.s.StandardServletEnvironment     : Adding [systemProperties] PropertySource with lowest search precedence
2016-01-04 23:51:06.793 DEBUG 15727 --- [    Test worker] o.s.w.c.s.StandardServletEnvironment     : Adding [systemEnvironment] PropertySource with lowest search precedence
2016-01-04 23:51:06.793 DEBUG 15727 --- [    Test worker] o.s.w.c.s.StandardServletEnvironment     : Initialized StandardServletEnvironment with PropertySources [servletConfigInitParams,servletContextInitParams,systemProperties,systemEnvironment]
2016-01-04 23:51:06.796 DEBUG 15727 --- [    Test worker] o.s.w.c.s.StandardServletEnvironment     : Adding [servletConfigInitParams] PropertySource with lowest search precedence
2016-01-04 23:51:06.797 DEBUG 15727 --- [    Test worker] o.s.w.c.s.StandardServletEnvironment     : Adding [servletContextInitParams] PropertySource with lowest search precedence
2016-01-04 23:51:06.797 DEBUG 15727 --- [    Test worker] o.s.w.c.s.StandardServletEnvironment     : Adding [systemProperties] PropertySource with lowest search precedence
2016-01-04 23:51:06.797 DEBUG 15727 --- [    Test worker] o.s.w.c.s.StandardServletEnvironment     : Adding [systemEnvironment] PropertySource with lowest search precedence
2016-01-04 23:51:06.797 DEBUG 15727 --- [    Test worker] o.s.w.c.s.StandardServletEnvironment     : Initialized StandardServletEnvironment with PropertySources [servletConfigInitParams,servletContextInitParams,systemProperties,systemEnvironment]
2016-01-04 23:51:06.800 DEBUG 15727 --- [    Test worker] o.s.w.c.s.StandardServletEnvironment     : Adding [servletConfigInitParams] PropertySource with lowest search precedence
2016-01-04 23:51:06.800 DEBUG 15727 --- [    Test worker] o.s.w.c.s.StandardServletEnvironment     : Adding [servletContextInitParams] PropertySource with lowest search precedence
2016-01-04 23:51:06.800 DEBUG 15727 --- [    Test worker] o.s.w.c.s.StandardServletEnvironment     : Adding [systemProperties] PropertySource with lowest search precedence
2016-01-04 23:51:06.800 DEBUG 15727 --- [    Test worker] o.s.w.c.s.StandardServletEnvironment     : Adding [systemEnvironment] PropertySource with lowest search precedence
2016-01-04 23:51:06.801 DEBUG 15727 --- [    Test worker] o.s.w.c.s.StandardServletEnvironment     : Initialized StandardServletEnvironment with PropertySources [servletConfigInitParams,servletContextInitParams,systemProperties,systemEnvironment]
2016-01-04 23:51:06.802 DEBUG 15727 --- [    Test worker] o.s.w.c.s.StandardServletEnvironment     : Adding [servletConfigInitParams] PropertySource with lowest search precedence
2016-01-04 23:51:06.802 DEBUG 15727 --- [    Test worker] o.s.w.c.s.StandardServletEnvironment     : Adding [servletContextInitParams] PropertySource with lowest search precedence
2016-01-04 23:51:06.802 DEBUG 15727 --- [    Test worker] o.s.w.c.s.StandardServletEnvironment     : Adding [systemProperties] PropertySource with lowest search precedence
2016-01-04 23:51:06.802 DEBUG 15727 --- [    Test worker] o.s.w.c.s.StandardServletEnvironment     : Adding [systemEnvironment] PropertySource with lowest search precedence
2016-01-04 23:51:06.802 DEBUG 15727 --- [    Test worker] o.s.w.c.s.StandardServletEnvironment     : Initialized StandardServletEnvironment with PropertySources [servletConfigInitParams,servletContextInitParams,systemProperties,systemEnvironment]
2016-01-04 23:51:06.804 DEBUG 15727 --- [    Test worker] o.s.w.c.s.StandardServletEnvironment     : Adding [servletConfigInitParams] PropertySource with lowest search precedence
2016-01-04 23:51:06.804 DEBUG 15727 --- [    Test worker] o.s.w.c.s.StandardServletEnvironment     : Adding [servletContextInitParams] PropertySource with lowest search precedence
2016-01-04 23:51:06.804 DEBUG 15727 --- [    Test worker] o.s.w.c.s.StandardServletEnvironment     : Adding [systemProperties] PropertySource with lowest search precedence
2016-01-04 23:51:06.804 DEBUG 15727 --- [    Test worker] o.s.w.c.s.StandardServletEnvironment     : Adding [systemEnvironment] PropertySource with lowest search precedence
2016-01-04 23:51:06.804 DEBUG 15727 --- [    Test worker] o.s.w.c.s.StandardServletEnvironment     : Initialized StandardServletEnvironment with PropertySources [servletConfigInitParams,servletContextInitParams,systemProperties,systemEnvironment]
2016-01-04 23:51:06.805 DEBUG 15727 --- [    Test worker] o.s.w.c.s.StandardServletEnvironment     : Adding [servletConfigInitParams] PropertySource with lowest search precedence
2016-01-04 23:51:06.805 DEBUG 15727 --- [    Test worker] o.s.w.c.s.StandardServletEnvironment     : Adding [servletContextInitParams] PropertySource with lowest search precedence
2016-01-04 23:51:06.805 DEBUG 15727 --- [    Test worker] o.s.w.c.s.StandardServletEnvironment     : Adding [systemProperties] PropertySource with lowest search precedence
2016-01-04 23:51:06.806 DEBUG 15727 --- [    Test worker] o.s.w.c.s.StandardServletEnvironment     : Adding [systemEnvironment] PropertySource with lowest search precedence
2016-01-04 23:51:06.806 DEBUG 15727 --- [    Test worker] o.s.w.c.s.StandardServletEnvironment     : Initialized StandardServletEnvironment with PropertySources [servletConfigInitParams,servletContextInitParams,systemProperties,systemEnvironment]
2016-01-04 23:51:06.807 DEBUG 15727 --- [    Test worker] o.s.w.c.s.StandardServletEnvironment     : Adding [servletConfigInitParams] PropertySource with lowest search precedence
2016-01-04 23:51:06.807 DEBUG 15727 --- [    Test worker] o.s.w.c.s.StandardServletEnvironment     : Adding [servletContextInitParams] PropertySource with lowest search precedence
2016-01-04 23:51:06.807 DEBUG 15727 --- [    Test worker] o.s.w.c.s.StandardServletEnvironment     : Adding [systemProperties] PropertySource with lowest search precedence
2016-01-04 23:51:06.807 DEBUG 15727 --- [    Test worker] o.s.w.c.s.StandardServletEnvironment     : Adding [systemEnvironment] PropertySource with lowest search precedence
2016-01-04 23:51:06.807 DEBUG 15727 --- [    Test worker] o.s.w.c.s.StandardServletEnvironment     : Initialized StandardServletEnvironment with PropertySources [servletConfigInitParams,servletContextInitParams,systemProperties,systemEnvironment]
2016-01-04 23:51:06.811 DEBUG 15727 --- [    Test worker] o.s.w.c.s.StandardServletEnvironment     : Adding [servletConfigInitParams] PropertySource with lowest search precedence
2016-01-04 23:51:06.812 DEBUG 15727 --- [    Test worker] o.s.w.c.s.StandardServletEnvironment     : Adding [servletContextInitParams] PropertySource with lowest search precedence
2016-01-04 23:51:06.812 DEBUG 15727 --- [    Test worker] o.s.w.c.s.StandardServletEnvironment     : Adding [systemProperties] PropertySource with lowest search precedence
2016-01-04 23:51:06.812 DEBUG 15727 --- [    Test worker] o.s.w.c.s.StandardServletEnvironment     : Adding [systemEnvironment] PropertySource with lowest search precedence
2016-01-04 23:51:06.812 DEBUG 15727 --- [    Test worker] o.s.w.c.s.StandardServletEnvironment     : Initialized StandardServletEnvironment with PropertySources [servletConfigInitParams,servletContextInitParams,systemProperties,systemEnvironment]
2016-01-04 23:51:06.818 DEBUG 15727 --- [    Test worker] edFilterInvocationSecurityMetadataSource : Adding web access control expression 'permitAll', for ExactUrl [processUrl='/login?error']
2016-01-04 23:51:06.819 DEBUG 15727 --- [    Test worker] edFilterInvocationSecurityMetadataSource : Adding web access control expression 'permitAll', for ExactUrl [processUrl='/login']
2016-01-04 23:51:06.819 DEBUG 15727 --- [    Test worker] edFilterInvocationSecurityMetadataSource : Adding web access control expression 'permitAll', for ExactUrl [processUrl='/login']
2016-01-04 23:51:06.819 DEBUG 15727 --- [    Test worker] edFilterInvocationSecurityMetadataSource : Adding web access control expression 'authenticated', for org.springframework.security.web.util.matcher.AnyRequestMatcher@1
2016-01-04 23:51:06.823 DEBUG 15727 --- [    Test worker] o.s.s.w.a.i.FilterSecurityInterceptor    : Validated configuration attributes
2016-01-04 23:51:06.823 DEBUG 15727 --- [    Test worker] o.s.s.w.a.i.FilterSecurityInterceptor    : Validated configuration attributes
2016-01-04 23:51:06.825  INFO 15727 --- [    Test worker] o.s.s.web.DefaultSecurityFilterChain     : Creating filter chain: OrRequestMatcher [requestMatchers=[Ant [pattern='/login'], Ant [pattern='/oauth/authorize'], Ant [pattern='/oauth/confirm_access']]], [org.springframework.security.web.context.request.async.WebAsyncManagerIntegrationFilter@3c73ca19, org.springframework.security.web.context.SecurityContextPersistenceFilter@38ae1085, org.springframework.security.web.header.HeaderWriterFilter@7d93e620, org.springframework.security.web.csrf.CsrfFilter@6a6e85f3, org.springframework.security.web.authentication.logout.LogoutFilter@7ab46147, org.springframework.security.web.authentication.UsernamePasswordAuthenticationFilter@4c612670, org.springframework.security.web.authentication.ui.DefaultLoginPageGeneratingFilter@106274f6, org.springframework.security.web.savedrequest.RequestCacheAwareFilter@3db7c99d, org.springframework.security.web.servletapi.SecurityContextHolderAwareRequestFilter@63e1a2fc, org.springframework.security.web.authentication.AnonymousAuthenticationFilter@48245419, org.springframework.security.web.session.SessionManagementFilter@7963b803, org.springframework.security.web.access.ExceptionTranslationFilter@1017c447, org.springframework.security.web.access.intercept.FilterSecurityInterceptor@44d26ab9]
2016-01-04 23:51:06.825 DEBUG 15727 --- [    Test worker] o.s.w.c.s.StandardServletEnvironment     : Adding [servletConfigInitParams] PropertySource with lowest search precedence
2016-01-04 23:51:06.825 DEBUG 15727 --- [    Test worker] o.s.w.c.s.StandardServletEnvironment     : Adding [servletContextInitParams] PropertySource with lowest search precedence
2016-01-04 23:51:06.826 DEBUG 15727 --- [    Test worker] o.s.w.c.s.StandardServletEnvironment     : Adding [systemProperties] PropertySource with lowest search precedence
2016-01-04 23:51:06.826 DEBUG 15727 --- [    Test worker] o.s.w.c.s.StandardServletEnvironment     : Adding [systemEnvironment] PropertySource with lowest search precedence
2016-01-04 23:51:06.826 DEBUG 15727 --- [    Test worker] o.s.w.c.s.StandardServletEnvironment     : Initialized StandardServletEnvironment with PropertySources [servletConfigInitParams,servletContextInitParams,systemProperties,systemEnvironment]
2016-01-04 23:51:06.828 DEBUG 15727 --- [    Test worker] o.s.w.c.s.StandardServletEnvironment     : Adding [servletConfigInitParams] PropertySource with lowest search precedence
2016-01-04 23:51:06.828 DEBUG 15727 --- [    Test worker] o.s.w.c.s.StandardServletEnvironment     : Adding [servletContextInitParams] PropertySource with lowest search precedence
2016-01-04 23:51:06.828 DEBUG 15727 --- [    Test worker] o.s.w.c.s.StandardServletEnvironment     : Adding [systemProperties] PropertySource with lowest search precedence
2016-01-04 23:51:06.828 DEBUG 15727 --- [    Test worker] o.s.w.c.s.StandardServletEnvironment     : Adding [systemEnvironment] PropertySource with lowest search precedence
2016-01-04 23:51:06.828 DEBUG 15727 --- [    Test worker] o.s.w.c.s.StandardServletEnvironment     : Initialized StandardServletEnvironment with PropertySources [servletConfigInitParams,servletContextInitParams,systemProperties,systemEnvironment]
2016-01-04 23:51:06.829 DEBUG 15727 --- [    Test worker] o.s.w.c.s.StandardServletEnvironment     : Adding [servletConfigInitParams] PropertySource with lowest search precedence
2016-01-04 23:51:06.829 DEBUG 15727 --- [    Test worker] o.s.w.c.s.StandardServletEnvironment     : Adding [servletContextInitParams] PropertySource with lowest search precedence
2016-01-04 23:51:06.829 DEBUG 15727 --- [    Test worker] o.s.w.c.s.StandardServletEnvironment     : Adding [systemProperties] PropertySource with lowest search precedence
2016-01-04 23:51:06.829 DEBUG 15727 --- [    Test worker] o.s.w.c.s.StandardServletEnvironment     : Adding [systemEnvironment] PropertySource with lowest search precedence
2016-01-04 23:51:06.829 DEBUG 15727 --- [    Test worker] o.s.w.c.s.StandardServletEnvironment     : Initialized StandardServletEnvironment with PropertySources [servletConfigInitParams,servletContextInitParams,systemProperties,systemEnvironment]
2016-01-04 23:51:06.829 DEBUG 15727 --- [    Test worker] o.s.w.c.s.StandardServletEnvironment     : Adding [servletConfigInitParams] PropertySource with lowest search precedence
2016-01-04 23:51:06.829 DEBUG 15727 --- [    Test worker] o.s.w.c.s.StandardServletEnvironment     : Adding [servletContextInitParams] PropertySource with lowest search precedence
2016-01-04 23:51:06.829 DEBUG 15727 --- [    Test worker] o.s.w.c.s.StandardServletEnvironment     : Adding [systemProperties] PropertySource with lowest search precedence
2016-01-04 23:51:06.829 DEBUG 15727 --- [    Test worker] o.s.w.c.s.StandardServletEnvironment     : Adding [systemEnvironment] PropertySource with lowest search precedence
2016-01-04 23:51:06.829 DEBUG 15727 --- [    Test worker] o.s.w.c.s.StandardServletEnvironment     : Initialized StandardServletEnvironment with PropertySources [servletConfigInitParams,servletContextInitParams,systemProperties,systemEnvironment]
2016-01-04 23:51:06.829 DEBUG 15727 --- [    Test worker] o.s.w.c.s.StandardServletEnvironment     : Adding [servletConfigInitParams] PropertySource with lowest search precedence
2016-01-04 23:51:06.829 DEBUG 15727 --- [    Test worker] o.s.w.c.s.StandardServletEnvironment     : Adding [servletContextInitParams] PropertySource with lowest search precedence
2016-01-04 23:51:06.830 DEBUG 15727 --- [    Test worker] o.s.w.c.s.StandardServletEnvironment     : Adding [systemProperties] PropertySource with lowest search precedence
2016-01-04 23:51:06.830 DEBUG 15727 --- [    Test worker] o.s.w.c.s.StandardServletEnvironment     : Adding [systemEnvironment] PropertySource with lowest search precedence
2016-01-04 23:51:06.830 DEBUG 15727 --- [    Test worker] o.s.w.c.s.StandardServletEnvironment     : Initialized StandardServletEnvironment with PropertySources [servletConfigInitParams,servletContextInitParams,systemProperties,systemEnvironment]
2016-01-04 23:51:06.830 DEBUG 15727 --- [    Test worker] o.s.w.c.s.StandardServletEnvironment     : Adding [servletConfigInitParams] PropertySource with lowest search precedence
2016-01-04 23:51:06.830 DEBUG 15727 --- [    Test worker] o.s.w.c.s.StandardServletEnvironment     : Adding [servletContextInitParams] PropertySource with lowest search precedence
2016-01-04 23:51:06.830 DEBUG 15727 --- [    Test worker] o.s.w.c.s.StandardServletEnvironment     : Adding [systemProperties] PropertySource with lowest search precedence
2016-01-04 23:51:06.830 DEBUG 15727 --- [    Test worker] o.s.w.c.s.StandardServletEnvironment     : Adding [systemEnvironment] PropertySource with lowest search precedence
2016-01-04 23:51:06.830 DEBUG 15727 --- [    Test worker] o.s.w.c.s.StandardServletEnvironment     : Initialized StandardServletEnvironment with PropertySources [servletConfigInitParams,servletContextInitParams,systemProperties,systemEnvironment]
2016-01-04 23:51:06.830 DEBUG 15727 --- [    Test worker] o.s.w.c.s.StandardServletEnvironment     : Adding [servletConfigInitParams] PropertySource with lowest search precedence
2016-01-04 23:51:06.830 DEBUG 15727 --- [    Test worker] o.s.w.c.s.StandardServletEnvironment     : Adding [servletContextInitParams] PropertySource with lowest search precedence
2016-01-04 23:51:06.831 DEBUG 15727 --- [    Test worker] o.s.w.c.s.StandardServletEnvironment     : Adding [systemProperties] PropertySource with lowest search precedence
2016-01-04 23:51:06.831 DEBUG 15727 --- [    Test worker] o.s.w.c.s.StandardServletEnvironment     : Adding [systemEnvironment] PropertySource with lowest search precedence
2016-01-04 23:51:06.831 DEBUG 15727 --- [    Test worker] o.s.w.c.s.StandardServletEnvironment     : Initialized StandardServletEnvironment with PropertySources [servletConfigInitParams,servletContextInitParams,systemProperties,systemEnvironment]
2016-01-04 23:51:06.831 DEBUG 15727 --- [    Test worker] edFilterInvocationSecurityMetadataSource : Adding web access control expression 'fullyAuthenticated', for Ant [pattern='/oauth/token']
2016-01-04 23:51:06.831 DEBUG 15727 --- [    Test worker] edFilterInvocationSecurityMetadataSource : Adding web access control expression 'permitAll()', for Ant [pattern='/oauth/token_key']
2016-01-04 23:51:06.831 DEBUG 15727 --- [    Test worker] edFilterInvocationSecurityMetadataSource : Adding web access control expression 'isAuthenticated()', for Ant [pattern='/oauth/check_token']
2016-01-04 23:51:06.831 DEBUG 15727 --- [    Test worker] o.s.s.w.a.i.FilterSecurityInterceptor    : Validated configuration attributes
2016-01-04 23:51:06.831 DEBUG 15727 --- [    Test worker] o.s.s.w.a.i.FilterSecurityInterceptor    : Validated configuration attributes
2016-01-04 23:51:06.832 DEBUG 15727 --- [    Test worker] o.s.w.c.s.StandardServletEnvironment     : Adding [servletConfigInitParams] PropertySource with lowest search precedence
2016-01-04 23:51:06.832 DEBUG 15727 --- [    Test worker] o.s.w.c.s.StandardServletEnvironment     : Adding [servletContextInitParams] PropertySource with lowest search precedence
2016-01-04 23:51:06.832 DEBUG 15727 --- [    Test worker] o.s.w.c.s.StandardServletEnvironment     : Adding [systemProperties] PropertySource with lowest search precedence
2016-01-04 23:51:06.832 DEBUG 15727 --- [    Test worker] o.s.w.c.s.StandardServletEnvironment     : Adding [systemEnvironment] PropertySource with lowest search precedence
2016-01-04 23:51:06.832 DEBUG 15727 --- [    Test worker] o.s.w.c.s.StandardServletEnvironment     : Initialized StandardServletEnvironment with PropertySources [servletConfigInitParams,servletContextInitParams,systemProperties,systemEnvironment]
2016-01-04 23:51:06.834  INFO 15727 --- [    Test worker] o.s.s.web.DefaultSecurityFilterChain     : Creating filter chain: OrRequestMatcher [requestMatchers=[Ant [pattern='/oauth/token'], Ant [pattern='/oauth/token_key'], Ant [pattern='/oauth/check_token']]], [org.springframework.security.web.context.request.async.WebAsyncManagerIntegrationFilter@6a0fd816, org.springframework.security.web.context.SecurityContextPersistenceFilter@3e290867, org.springframework.security.web.header.HeaderWriterFilter@1ea58f9f, org.springframework.security.web.authentication.logout.LogoutFilter@541c9e86, org.springframework.security.web.authentication.www.BasicAuthenticationFilter@7f51ba9b, org.springframework.security.web.savedrequest.RequestCacheAwareFilter@5e9d675c, org.springframework.security.web.servletapi.SecurityContextHolderAwareRequestFilter@6c76c267, org.springframework.security.web.authentication.AnonymousAuthenticationFilter@c38d247, org.springframework.security.web.session.SessionManagementFilter@7349636c, org.springframework.security.web.access.ExceptionTranslationFilter@55b6ac42, org.springframework.security.web.access.intercept.FilterSecurityInterceptor@59e7e6c6]
2016-01-04 23:51:06.834 DEBUG 15727 --- [    Test worker] o.s.w.c.s.StandardServletEnvironment     : Adding [servletConfigInitParams] PropertySource with lowest search precedence
2016-01-04 23:51:06.834 DEBUG 15727 --- [    Test worker] o.s.w.c.s.StandardServletEnvironment     : Adding [servletContextInitParams] PropertySource with lowest search precedence
2016-01-04 23:51:06.835 DEBUG 15727 --- [    Test worker] o.s.w.c.s.StandardServletEnvironment     : Adding [systemProperties] PropertySource with lowest search precedence
2016-01-04 23:51:06.835 DEBUG 15727 --- [    Test worker] o.s.w.c.s.StandardServletEnvironment     : Adding [systemEnvironment] PropertySource with lowest search precedence
2016-01-04 23:51:06.835 DEBUG 15727 --- [    Test worker] o.s.w.c.s.StandardServletEnvironment     : Initialized StandardServletEnvironment with PropertySources [servletConfigInitParams,servletContextInitParams,systemProperties,systemEnvironment]
2016-01-04 23:51:06.835 DEBUG 15727 --- [    Test worker] o.s.w.c.s.StandardServletEnvironment     : Adding [servletConfigInitParams] PropertySource with lowest search precedence
2016-01-04 23:51:06.835 DEBUG 15727 --- [    Test worker] o.s.w.c.s.StandardServletEnvironment     : Adding [servletContextInitParams] PropertySource with lowest search precedence
2016-01-04 23:51:06.835 DEBUG 15727 --- [    Test worker] o.s.w.c.s.StandardServletEnvironment     : Adding [systemProperties] PropertySource with lowest search precedence
2016-01-04 23:51:06.835 DEBUG 15727 --- [    Test worker] o.s.w.c.s.StandardServletEnvironment     : Adding [systemEnvironment] PropertySource with lowest search precedence
2016-01-04 23:51:06.835 DEBUG 15727 --- [    Test worker] o.s.w.c.s.StandardServletEnvironment     : Initialized StandardServletEnvironment with PropertySources [servletConfigInitParams,servletContextInitParams,systemProperties,systemEnvironment]
2016-01-04 23:51:06.835 DEBUG 15727 --- [    Test worker] o.s.w.c.s.StandardServletEnvironment     : Adding [servletConfigInitParams] PropertySource with lowest search precedence
2016-01-04 23:51:06.835 DEBUG 15727 --- [    Test worker] o.s.w.c.s.StandardServletEnvironment     : Adding [servletContextInitParams] PropertySource with lowest search precedence
2016-01-04 23:51:06.836 DEBUG 15727 --- [    Test worker] o.s.w.c.s.StandardServletEnvironment     : Adding [systemProperties] PropertySource with lowest search precedence
2016-01-04 23:51:06.836 DEBUG 15727 --- [    Test worker] o.s.w.c.s.StandardServletEnvironment     : Adding [systemEnvironment] PropertySource with lowest search precedence
2016-01-04 23:51:06.836 DEBUG 15727 --- [    Test worker] o.s.w.c.s.StandardServletEnvironment     : Initialized StandardServletEnvironment with PropertySources [servletConfigInitParams,servletContextInitParams,systemProperties,systemEnvironment]
2016-01-04 23:51:06.836 DEBUG 15727 --- [    Test worker] o.s.w.c.s.StandardServletEnvironment     : Adding [servletConfigInitParams] PropertySource with lowest search precedence
2016-01-04 23:51:06.836 DEBUG 15727 --- [    Test worker] o.s.w.c.s.StandardServletEnvironment     : Adding [servletContextInitParams] PropertySource with lowest search precedence
2016-01-04 23:51:06.836 DEBUG 15727 --- [    Test worker] o.s.w.c.s.StandardServletEnvironment     : Adding [systemProperties] PropertySource with lowest search precedence
2016-01-04 23:51:06.836 DEBUG 15727 --- [    Test worker] o.s.w.c.s.StandardServletEnvironment     : Adding [systemEnvironment] PropertySource with lowest search precedence
2016-01-04 23:51:06.836 DEBUG 15727 --- [    Test worker] o.s.w.c.s.StandardServletEnvironment     : Initialized StandardServletEnvironment with PropertySources [servletConfigInitParams,servletContextInitParams,systemProperties,systemEnvironment]
2016-01-04 23:51:06.836 DEBUG 15727 --- [    Test worker] o.s.w.c.s.StandardServletEnvironment     : Adding [servletConfigInitParams] PropertySource with lowest search precedence
2016-01-04 23:51:06.836 DEBUG 15727 --- [    Test worker] o.s.w.c.s.StandardServletEnvironment     : Adding [servletContextInitParams] PropertySource with lowest search precedence
2016-01-04 23:51:06.836 DEBUG 15727 --- [    Test worker] o.s.w.c.s.StandardServletEnvironment     : Adding [systemProperties] PropertySource with lowest search precedence
2016-01-04 23:51:06.836 DEBUG 15727 --- [    Test worker] o.s.w.c.s.StandardServletEnvironment     : Adding [systemEnvironment] PropertySource with lowest search precedence
2016-01-04 23:51:06.837 DEBUG 15727 --- [    Test worker] o.s.w.c.s.StandardServletEnvironment     : Initialized StandardServletEnvironment with PropertySources [servletConfigInitParams,servletContextInitParams,systemProperties,systemEnvironment]
2016-01-04 23:51:06.837 DEBUG 15727 --- [    Test worker] o.s.w.c.s.StandardServletEnvironment     : Adding [servletConfigInitParams] PropertySource with lowest search precedence
2016-01-04 23:51:06.837 DEBUG 15727 --- [    Test worker] o.s.w.c.s.StandardServletEnvironment     : Adding [servletContextInitParams] PropertySource with lowest search precedence
2016-01-04 23:51:06.837 DEBUG 15727 --- [    Test worker] o.s.w.c.s.StandardServletEnvironment     : Adding [systemProperties] PropertySource with lowest search precedence
2016-01-04 23:51:06.837 DEBUG 15727 --- [    Test worker] o.s.w.c.s.StandardServletEnvironment     : Adding [systemEnvironment] PropertySource with lowest search precedence
2016-01-04 23:51:06.837 DEBUG 15727 --- [    Test worker] o.s.w.c.s.StandardServletEnvironment     : Initialized StandardServletEnvironment with PropertySources [servletConfigInitParams,servletContextInitParams,systemProperties,systemEnvironment]
2016-01-04 23:51:06.837 DEBUG 15727 --- [    Test worker] o.s.w.c.s.StandardServletEnvironment     : Adding [servletConfigInitParams] PropertySource with lowest search precedence
2016-01-04 23:51:06.837 DEBUG 15727 --- [    Test worker] o.s.w.c.s.StandardServletEnvironment     : Adding [servletContextInitParams] PropertySource with lowest search precedence
2016-01-04 23:51:06.837 DEBUG 15727 --- [    Test worker] o.s.w.c.s.StandardServletEnvironment     : Adding [systemProperties] PropertySource with lowest search precedence
2016-01-04 23:51:06.837 DEBUG 15727 --- [    Test worker] o.s.w.c.s.StandardServletEnvironment     : Adding [systemEnvironment] PropertySource with lowest search precedence
2016-01-04 23:51:06.837 DEBUG 15727 --- [    Test worker] o.s.w.c.s.StandardServletEnvironment     : Initialized StandardServletEnvironment with PropertySources [servletConfigInitParams,servletContextInitParams,systemProperties,systemEnvironment]
2016-01-04 23:51:06.844 DEBUG 15727 --- [    Test worker] edFilterInvocationSecurityMetadataSource : Adding web access control expression 'authenticated', for org.springframework.security.web.util.matcher.AnyRequestMatcher@1
2016-01-04 23:51:06.845 DEBUG 15727 --- [    Test worker] o.s.s.w.a.i.FilterSecurityInterceptor    : Validated configuration attributes
2016-01-04 23:51:06.845 DEBUG 15727 --- [    Test worker] o.s.s.w.a.i.FilterSecurityInterceptor    : Validated configuration attributes
2016-01-04 23:51:06.845  INFO 15727 --- [    Test worker] o.s.s.web.DefaultSecurityFilterChain     : Creating filter chain: OrRequestMatcher [requestMatchers=[org.springframework.security.oauth2.config.annotation.web.configuration.ResourceServerConfiguration$NotOAuthRequestMatcher@75363264]], [org.springframework.security.web.context.request.async.WebAsyncManagerIntegrationFilter@7494f9c3, org.springframework.security.web.context.SecurityContextPersistenceFilter@fbdcdcb, org.springframework.security.web.header.HeaderWriterFilter@1c25afb, org.springframework.security.web.authentication.logout.LogoutFilter@14822799, org.springframework.security.oauth2.provider.authentication.OAuth2AuthenticationProcessingFilter@78c5dc54, org.springframework.security.web.savedrequest.RequestCacheAwareFilter@283ba9ed, org.springframework.security.web.servletapi.SecurityContextHolderAwareRequestFilter@3b3d3b93, org.springframework.security.web.authentication.AnonymousAuthenticationFilter@2965e24d, org.springframework.security.web.session.SessionManagementFilter@524fbbe6, org.springframework.security.web.access.ExceptionTranslationFilter@2cc16c15, org.springframework.security.web.access.intercept.FilterSecurityInterceptor@315e569f]
2016-01-04 23:51:06.846 DEBUG 15727 --- [    Test worker] o.s.w.c.s.StandardServletEnvironment     : Adding [servletConfigInitParams] PropertySource with lowest search precedence
2016-01-04 23:51:06.846 DEBUG 15727 --- [    Test worker] o.s.w.c.s.StandardServletEnvironment     : Adding [servletContextInitParams] PropertySource with lowest search precedence
2016-01-04 23:51:06.846 DEBUG 15727 --- [    Test worker] o.s.w.c.s.StandardServletEnvironment     : Adding [systemProperties] PropertySource with lowest search precedence
2016-01-04 23:51:06.846 DEBUG 15727 --- [    Test worker] o.s.w.c.s.StandardServletEnvironment     : Adding [systemEnvironment] PropertySource with lowest search precedence
2016-01-04 23:51:06.846 DEBUG 15727 --- [    Test worker] o.s.w.c.s.StandardServletEnvironment     : Initialized StandardServletEnvironment with PropertySources [servletConfigInitParams,servletContextInitParams,systemProperties,systemEnvironment]
2016-01-04 23:51:06.847 DEBUG 15727 --- [    Test worker] o.s.w.c.s.StandardServletEnvironment     : Adding [servletConfigInitParams] PropertySource with lowest search precedence
2016-01-04 23:51:06.847 DEBUG 15727 --- [    Test worker] o.s.w.c.s.StandardServletEnvironment     : Adding [servletContextInitParams] PropertySource with lowest search precedence
2016-01-04 23:51:06.847 DEBUG 15727 --- [    Test worker] o.s.w.c.s.StandardServletEnvironment     : Adding [systemProperties] PropertySource with lowest search precedence
2016-01-04 23:51:06.847 DEBUG 15727 --- [    Test worker] o.s.w.c.s.StandardServletEnvironment     : Adding [systemEnvironment] PropertySource with lowest search precedence
2016-01-04 23:51:06.847 DEBUG 15727 --- [    Test worker] o.s.w.c.s.StandardServletEnvironment     : Initialized StandardServletEnvironment with PropertySources [servletConfigInitParams,servletContextInitParams,systemProperties,systemEnvironment]
2016-01-04 23:51:06.847 DEBUG 15727 --- [    Test worker] o.s.w.c.s.StandardServletEnvironment     : Adding [servletConfigInitParams] PropertySource with lowest search precedence
2016-01-04 23:51:06.847 DEBUG 15727 --- [    Test worker] o.s.w.c.s.StandardServletEnvironment     : Adding [servletContextInitParams] PropertySource with lowest search precedence
2016-01-04 23:51:06.847 DEBUG 15727 --- [    Test worker] o.s.w.c.s.StandardServletEnvironment     : Adding [systemProperties] PropertySource with lowest search precedence
2016-01-04 23:51:06.847 DEBUG 15727 --- [    Test worker] o.s.w.c.s.StandardServletEnvironment     : Adding [systemEnvironment] PropertySource with lowest search precedence
2016-01-04 23:51:06.847 DEBUG 15727 --- [    Test worker] o.s.w.c.s.StandardServletEnvironment     : Initialized StandardServletEnvironment with PropertySources [servletConfigInitParams,servletContextInitParams,systemProperties,systemEnvironment]
2016-01-04 23:51:06.848 DEBUG 15727 --- [    Test worker] o.s.w.c.s.StandardServletEnvironment     : Adding [servletConfigInitParams] PropertySource with lowest search precedence
2016-01-04 23:51:06.848 DEBUG 15727 --- [    Test worker] o.s.w.c.s.StandardServletEnvironment     : Adding [servletContextInitParams] PropertySource with lowest search precedence
2016-01-04 23:51:06.848 DEBUG 15727 --- [    Test worker] o.s.w.c.s.StandardServletEnvironment     : Adding [systemProperties] PropertySource with lowest search precedence
2016-01-04 23:51:06.848 DEBUG 15727 --- [    Test worker] o.s.w.c.s.StandardServletEnvironment     : Adding [systemEnvironment] PropertySource with lowest search precedence
2016-01-04 23:51:06.848 DEBUG 15727 --- [    Test worker] o.s.w.c.s.StandardServletEnvironment     : Initialized StandardServletEnvironment with PropertySources [servletConfigInitParams,servletContextInitParams,systemProperties,systemEnvironment]
2016-01-04 23:51:06.848 DEBUG 15727 --- [    Test worker] o.s.w.c.s.StandardServletEnvironment     : Adding [servletConfigInitParams] PropertySource with lowest search precedence
2016-01-04 23:51:06.848 DEBUG 15727 --- [    Test worker] o.s.w.c.s.StandardServletEnvironment     : Adding [servletContextInitParams] PropertySource with lowest search precedence
2016-01-04 23:51:06.848 DEBUG 15727 --- [    Test worker] o.s.w.c.s.StandardServletEnvironment     : Adding [systemProperties] PropertySource with lowest search precedence
2016-01-04 23:51:06.848 DEBUG 15727 --- [    Test worker] o.s.w.c.s.StandardServletEnvironment     : Adding [systemEnvironment] PropertySource with lowest search precedence
2016-01-04 23:51:06.848 DEBUG 15727 --- [    Test worker] o.s.w.c.s.StandardServletEnvironment     : Initialized StandardServletEnvironment with PropertySources [servletConfigInitParams,servletContextInitParams,systemProperties,systemEnvironment]
2016-01-04 23:51:06.848 DEBUG 15727 --- [    Test worker] o.s.w.c.s.StandardServletEnvironment     : Adding [servletConfigInitParams] PropertySource with lowest search precedence
2016-01-04 23:51:06.849 DEBUG 15727 --- [    Test worker] o.s.w.c.s.StandardServletEnvironment     : Adding [servletContextInitParams] PropertySource with lowest search precedence
2016-01-04 23:51:06.849 DEBUG 15727 --- [    Test worker] o.s.w.c.s.StandardServletEnvironment     : Adding [systemProperties] PropertySource with lowest search precedence
2016-01-04 23:51:06.849 DEBUG 15727 --- [    Test worker] o.s.w.c.s.StandardServletEnvironment     : Adding [systemEnvironment] PropertySource with lowest search precedence
2016-01-04 23:51:06.849 DEBUG 15727 --- [    Test worker] o.s.w.c.s.StandardServletEnvironment     : Initialized StandardServletEnvironment with PropertySources [servletConfigInitParams,servletContextInitParams,systemProperties,systemEnvironment]
2016-01-04 23:51:06.849 DEBUG 15727 --- [    Test worker] o.s.w.c.s.StandardServletEnvironment     : Adding [servletConfigInitParams] PropertySource with lowest search precedence
2016-01-04 23:51:06.849 DEBUG 15727 --- [    Test worker] o.s.w.c.s.StandardServletEnvironment     : Adding [servletContextInitParams] PropertySource with lowest search precedence
2016-01-04 23:51:06.849 DEBUG 15727 --- [    Test worker] o.s.w.c.s.StandardServletEnvironment     : Adding [systemProperties] PropertySource with lowest search precedence
2016-01-04 23:51:06.849 DEBUG 15727 --- [    Test worker] o.s.w.c.s.StandardServletEnvironment     : Adding [systemEnvironment] PropertySource with lowest search precedence
2016-01-04 23:51:06.849 DEBUG 15727 --- [    Test worker] o.s.w.c.s.StandardServletEnvironment     : Initialized StandardServletEnvironment with PropertySources [servletConfigInitParams,servletContextInitParams,systemProperties,systemEnvironment]
2016-01-04 23:51:06.849 DEBUG 15727 --- [    Test worker] edFilterInvocationSecurityMetadataSource : Adding web access control expression 'permitAll', for org.springframework.boot.actuate.autoconfigure.ManagementWebSecurityAutoConfiguration$LazyEndpointPathRequestMatcher@62c3c091
2016-01-04 23:51:06.849 DEBUG 15727 --- [    Test worker] edFilterInvocationSecurityMetadataSource : Adding web access control expression 'hasRole('ROLE_ADMIN')', for org.springframework.security.web.util.matcher.AnyRequestMatcher@1
2016-01-04 23:51:06.850 DEBUG 15727 --- [    Test worker] o.s.s.w.a.i.FilterSecurityInterceptor    : Validated configuration attributes
2016-01-04 23:51:06.851 DEBUG 15727 --- [    Test worker] o.s.s.w.a.i.FilterSecurityInterceptor    : Validated configuration attributes
2016-01-04 23:51:06.851 DEBUG 15727 --- [    Test worker] o.s.w.c.s.StandardServletEnvironment     : Adding [servletConfigInitParams] PropertySource with lowest search precedence
2016-01-04 23:51:06.851 DEBUG 15727 --- [    Test worker] o.s.w.c.s.StandardServletEnvironment     : Adding [servletContextInitParams] PropertySource with lowest search precedence
2016-01-04 23:51:06.851 DEBUG 15727 --- [    Test worker] o.s.w.c.s.StandardServletEnvironment     : Adding [systemProperties] PropertySource with lowest search precedence
2016-01-04 23:51:06.851 DEBUG 15727 --- [    Test worker] o.s.w.c.s.StandardServletEnvironment     : Adding [systemEnvironment] PropertySource with lowest search precedence
2016-01-04 23:51:06.851 DEBUG 15727 --- [    Test worker] o.s.w.c.s.StandardServletEnvironment     : Initialized StandardServletEnvironment with PropertySources [servletConfigInitParams,servletContextInitParams,systemProperties,systemEnvironment]
2016-01-04 23:51:06.851  INFO 15727 --- [    Test worker] o.s.s.web.DefaultSecurityFilterChain     : Creating filter chain: org.springframework.boot.actuate.autoconfigure.ManagementWebSecurityAutoConfiguration$LazyEndpointPathRequestMatcher@4276a9eb, [org.springframework.security.web.context.request.async.WebAsyncManagerIntegrationFilter@6858d923, org.springframework.security.web.context.SecurityContextPersistenceFilter@79ed3eae, org.springframework.security.web.header.HeaderWriterFilter@3b4725fc, org.springframework.security.web.authentication.logout.LogoutFilter@72cb9828, org.springframework.security.web.authentication.www.BasicAuthenticationFilter@13377a6e, org.springframework.security.web.savedrequest.RequestCacheAwareFilter@7573d4a3, org.springframework.security.web.servletapi.SecurityContextHolderAwareRequestFilter@77996734, org.springframework.security.web.authentication.AnonymousAuthenticationFilter@543326ed, org.springframework.security.web.session.SessionManagementFilter@2a25ee49, org.springframework.security.web.access.ExceptionTranslationFilter@6a6ccfc7, org.springframework.security.web.access.intercept.FilterSecurityInterceptor@7978b5f0]
2016-01-04 23:51:06.852 DEBUG 15727 --- [    Test worker] o.s.w.c.s.StandardServletEnvironment     : Adding [servletConfigInitParams] PropertySource with lowest search precedence
2016-01-04 23:51:06.852 DEBUG 15727 --- [    Test worker] o.s.w.c.s.StandardServletEnvironment     : Adding [servletContextInitParams] PropertySource with lowest search precedence
2016-01-04 23:51:06.852 DEBUG 15727 --- [    Test worker] o.s.w.c.s.StandardServletEnvironment     : Adding [systemProperties] PropertySource with lowest search precedence
2016-01-04 23:51:06.852 DEBUG 15727 --- [    Test worker] o.s.w.c.s.StandardServletEnvironment     : Adding [systemEnvironment] PropertySource with lowest search precedence
2016-01-04 23:51:06.852 DEBUG 15727 --- [    Test worker] o.s.w.c.s.StandardServletEnvironment     : Initialized StandardServletEnvironment with PropertySources [servletConfigInitParams,servletContextInitParams,systemProperties,systemEnvironment]
2016-01-04 23:51:07.022  INFO 15727 --- [    Test worker] s.w.s.m.m.a.RequestMappingHandlerAdapter : Looking for @ControllerAdvice: org.springframework.web.context.support.GenericWebApplicationContext@5fdee6e: startup date [Mon Jan 04 23:51:04 BRST 2016]; parent: org.springframework.context.annotation.AnnotationConfigApplicationContext@18112173
2016-01-04 23:51:07.028  INFO 15727 --- [    Test worker] s.w.s.m.m.a.RequestMappingHandlerAdapter : Detected ResponseBodyAdvice bean in org.springframework.boot.actuate.autoconfigure.EndpointWebMvcHypermediaManagementContextConfiguration$ActuatorEndpointLinksAdvice
2016-01-04 23:51:07.051 DEBUG 15727 --- [    Test worker] s.w.s.m.m.a.RequestMappingHandlerMapping : Looking for request mappings in application context: org.springframework.web.context.support.GenericWebApplicationContext@5fdee6e: startup date [Mon Jan 04 23:51:04 BRST 2016]; parent: org.springframework.context.annotation.AnnotationConfigApplicationContext@18112173
2016-01-04 23:51:07.052 DEBUG 15727 --- [    Test worker] s.w.s.m.m.a.RequestMappingHandlerMapping : 1 request handler methods found on class co.lsnbox.auth.controllers.AccountController: {public org.springframework.http.ResponseEntity co.lsnbox.auth.controllers.AccountController.current(java.security.Principal)={[/user]}}
2016-01-04 23:51:07.053  INFO 15727 --- [    Test worker] s.w.s.m.m.a.RequestMappingHandlerMapping : Mapped "{[/user]}" onto public org.springframework.http.ResponseEntity co.lsnbox.auth.controllers.AccountController.current(java.security.Principal)
2016-01-04 23:51:07.054 DEBUG 15727 --- [    Test worker] s.w.s.m.m.a.RequestMappingHandlerMapping : 2 request handler methods found on class org.springframework.boot.autoconfigure.web.BasicErrorController: {public org.springframework.web.servlet.ModelAndView org.springframework.boot.autoconfigure.web.BasicErrorController.errorHtml(javax.servlet.http.HttpServletRequest,javax.servlet.http.HttpServletResponse)={[/error],produces=[text/html]}, public org.springframework.http.ResponseEntity org.springframework.boot.autoconfigure.web.BasicErrorController.error(javax.servlet.http.HttpServletRequest)={[/error]}}
2016-01-04 23:51:07.054  INFO 15727 --- [    Test worker] s.w.s.m.m.a.RequestMappingHandlerMapping : Mapped "{[/error],produces=[text/html]}" onto public org.springframework.web.servlet.ModelAndView org.springframework.boot.autoconfigure.web.BasicErrorController.errorHtml(javax.servlet.http.HttpServletRequest,javax.servlet.http.HttpServletResponse)
2016-01-04 23:51:07.055  INFO 15727 --- [    Test worker] s.w.s.m.m.a.RequestMappingHandlerMapping : Mapped "{[/error]}" onto public org.springframework.http.ResponseEntity<java.util.Map<java.lang.String, java.lang.Object>> org.springframework.boot.autoconfigure.web.BasicErrorController.error(javax.servlet.http.HttpServletRequest)
2016-01-04 23:51:07.069 DEBUG 15727 --- [    Test worker] o.s.w.s.h.BeanNameUrlHandlerMapping      : Looking for URL mappings in application context: org.springframework.web.context.support.GenericWebApplicationContext@5fdee6e: startup date [Mon Jan 04 23:51:04 BRST 2016]; parent: org.springframework.context.annotation.AnnotationConfigApplicationContext@18112173
2016-01-04 23:51:07.069 DEBUG 15727 --- [    Test worker] o.s.w.s.h.BeanNameUrlHandlerMapping      : Rejected bean name 'org.springframework.context.annotation.internalConfigurationAnnotationProcessor': no URL paths identified
2016-01-04 23:51:07.069 DEBUG 15727 --- [    Test worker] o.s.w.s.h.BeanNameUrlHandlerMapping      : Rejected bean name 'org.springframework.context.annotation.internalAutowiredAnnotationProcessor': no URL paths identified
2016-01-04 23:51:07.070 DEBUG 15727 --- [    Test worker] o.s.w.s.h.BeanNameUrlHandlerMapping      : Rejected bean name 'org.springframework.context.annotation.internalRequiredAnnotationProcessor': no URL paths identified
2016-01-04 23:51:07.070 DEBUG 15727 --- [    Test worker] o.s.w.s.h.BeanNameUrlHandlerMapping      : Rejected bean name 'org.springframework.context.annotation.internalCommonAnnotationProcessor': no URL paths identified
2016-01-04 23:51:07.070 DEBUG 15727 --- [    Test worker] o.s.w.s.h.BeanNameUrlHandlerMapping      : Rejected bean name 'org.springframework.context.event.internalEventListenerProcessor': no URL paths identified
2016-01-04 23:51:07.070 DEBUG 15727 --- [    Test worker] o.s.w.s.h.BeanNameUrlHandlerMapping      : Rejected bean name 'org.springframework.context.event.internalEventListenerFactory': no URL paths identified
2016-01-04 23:51:07.070 DEBUG 15727 --- [    Test worker] o.s.w.s.h.BeanNameUrlHandlerMapping      : Rejected bean name 'authserverApplication': no URL paths identified
2016-01-04 23:51:07.070 DEBUG 15727 --- [    Test worker] o.s.w.s.h.BeanNameUrlHandlerMapping      : Rejected bean name 'org.springframework.context.annotation.ConfigurationClassPostProcessor.importAwareProcessor': no URL paths identified
2016-01-04 23:51:07.070 DEBUG 15727 --- [    Test worker] o.s.w.s.h.BeanNameUrlHandlerMapping      : Rejected bean name 'org.springframework.context.annotation.ConfigurationClassPostProcessor.enhancedConfigurationProcessor': no URL paths identified
2016-01-04 23:51:07.070 DEBUG 15727 --- [    Test worker] o.s.w.s.h.BeanNameUrlHandlerMapping      : Rejected bean name 'OAuth2Config': no URL paths identified
2016-01-04 23:51:07.070 DEBUG 15727 --- [    Test worker] o.s.w.s.h.BeanNameUrlHandlerMapping      : Rejected bean name 'mongoConfiguration': no URL paths identified
2016-01-04 23:51:07.070 DEBUG 15727 --- [    Test worker] o.s.w.s.h.BeanNameUrlHandlerMapping      : Rejected bean name 'springSecurityAuditorAware': no URL paths identified
2016-01-04 23:51:07.070 DEBUG 15727 --- [    Test worker] o.s.w.s.h.BeanNameUrlHandlerMapping      : Rejected bean name 'userDetailsServiceImpl': no URL paths identified
2016-01-04 23:51:07.070 DEBUG 15727 --- [    Test worker] o.s.w.s.h.BeanNameUrlHandlerMapping      : Rejected bean name 'accountServiceImpl': no URL paths identified
2016-01-04 23:51:07.070 DEBUG 15727 --- [    Test worker] o.s.w.s.h.BeanNameUrlHandlerMapping      : Rejected bean name 'accountController': no URL paths identified
2016-01-04 23:51:07.070 DEBUG 15727 --- [    Test worker] o.s.w.s.h.BeanNameUrlHandlerMapping      : Rejected bean name 'webSecurityConfig': no URL paths identified
2016-01-04 23:51:07.070 DEBUG 15727 --- [    Test worker] o.s.w.s.h.BeanNameUrlHandlerMapping      : Rejected bean name 'org.springframework.security.oauth2.config.annotation.web.configuration.AuthorizationServerEndpointsConfiguration$TokenKeyEndpointRegistrar': no URL paths identified
2016-01-04 23:51:07.070 DEBUG 15727 --- [    Test worker] o.s.w.s.h.BeanNameUrlHandlerMapping      : Rejected bean name 'org.springframework.security.oauth2.config.annotation.web.configuration.AuthorizationServerEndpointsConfiguration': no URL paths identified
2016-01-04 23:51:07.070 DEBUG 15727 --- [    Test worker] o.s.w.s.h.BeanNameUrlHandlerMapping      : Rejected bean name 'authorizationEndpoint': no URL paths identified
2016-01-04 23:51:07.070 DEBUG 15727 --- [    Test worker] o.s.w.s.h.BeanNameUrlHandlerMapping      : Rejected bean name 'tokenEndpoint': no URL paths identified
2016-01-04 23:51:07.070 DEBUG 15727 --- [    Test worker] o.s.w.s.h.BeanNameUrlHandlerMapping      : Rejected bean name 'checkTokenEndpoint': no URL paths identified
2016-01-04 23:51:07.070 DEBUG 15727 --- [    Test worker] o.s.w.s.h.BeanNameUrlHandlerMapping      : Rejected bean name 'whitelabelApprovalEndpoint': no URL paths identified
2016-01-04 23:51:07.070 DEBUG 15727 --- [    Test worker] o.s.w.s.h.BeanNameUrlHandlerMapping      : Rejected bean name 'whitelabelErrorEndpoint': no URL paths identified
2016-01-04 23:51:07.070 DEBUG 15727 --- [    Test worker] o.s.w.s.h.BeanNameUrlHandlerMapping      : Rejected bean name 'oauth2EndpointHandlerMapping': no URL paths identified
2016-01-04 23:51:07.070 DEBUG 15727 --- [    Test worker] o.s.w.s.h.BeanNameUrlHandlerMapping      : Rejected bean name 'consumerTokenServices': no URL paths identified
2016-01-04 23:51:07.070 DEBUG 15727 --- [    Test worker] o.s.w.s.h.BeanNameUrlHandlerMapping      : Rejected bean name 'defaultAuthorizationServerTokenServices': no URL paths identified
2016-01-04 23:51:07.070 DEBUG 15727 --- [    Test worker] o.s.w.s.h.BeanNameUrlHandlerMapping      : Rejected bean name 'org.springframework.security.oauth2.config.annotation.configuration.ClientDetailsServiceConfiguration': no URL paths identified
2016-01-04 23:51:07.070 DEBUG 15727 --- [    Test worker] o.s.w.s.h.BeanNameUrlHandlerMapping      : Rejected bean name 'clientDetailsServiceConfigurer': no URL paths identified
2016-01-04 23:51:07.070 DEBUG 15727 --- [    Test worker] o.s.w.s.h.BeanNameUrlHandlerMapping      : Rejected bean name 'scopedTarget.clientDetailsService': no URL paths identified
2016-01-04 23:51:07.070 DEBUG 15727 --- [    Test worker] o.s.w.s.h.BeanNameUrlHandlerMapping      : Rejected bean name 'clientDetailsService': no URL paths identified
2016-01-04 23:51:07.070 DEBUG 15727 --- [    Test worker] o.s.w.s.h.BeanNameUrlHandlerMapping      : Rejected bean name 'org.springframework.security.oauth2.config.annotation.web.configuration.AuthorizationServerSecurityConfiguration': no URL paths identified
2016-01-04 23:51:07.070 DEBUG 15727 --- [    Test worker] o.s.w.s.h.BeanNameUrlHandlerMapping      : Rejected bean name 'tokenStore': no URL paths identified
2016-01-04 23:51:07.070 DEBUG 15727 --- [    Test worker] o.s.w.s.h.BeanNameUrlHandlerMapping      : Rejected bean name 'org.springframework.boot.autoconfigure.condition.BeanTypeRegistry': no URL paths identified
2016-01-04 23:51:07.070 DEBUG 15727 --- [    Test worker] o.s.w.s.h.BeanNameUrlHandlerMapping      : Rejected bean name 'org.springframework.boot.autoconfigure.mongo.MongoAutoConfiguration': no URL paths identified
2016-01-04 23:51:07.070 DEBUG 15727 --- [    Test worker] o.s.w.s.h.BeanNameUrlHandlerMapping      : Rejected bean name 'mongo': no URL paths identified
2016-01-04 23:51:07.070 DEBUG 15727 --- [    Test worker] o.s.w.s.h.BeanNameUrlHandlerMapping      : Rejected bean name 'spring.data.mongodb.CONFIGURATION_PROPERTIES': no URL paths identified
2016-01-04 23:51:07.070 DEBUG 15727 --- [    Test worker] o.s.w.s.h.BeanNameUrlHandlerMapping      : Rejected bean name 'org.springframework.boot.context.properties.ConfigurationPropertiesBindingPostProcessor': no URL paths identified
2016-01-04 23:51:07.071 DEBUG 15727 --- [    Test worker] o.s.w.s.h.BeanNameUrlHandlerMapping      : Rejected bean name 'org.springframework.boot.context.properties.ConfigurationPropertiesBindingPostProcessor.store': no URL paths identified
2016-01-04 23:51:07.071 DEBUG 15727 --- [    Test worker] o.s.w.s.h.BeanNameUrlHandlerMapping      : Rejected bean name 'validatingMongoEventListener': no URL paths identified
2016-01-04 23:51:07.071 DEBUG 15727 --- [    Test worker] o.s.w.s.h.BeanNameUrlHandlerMapping      : Rejected bean name 'localValidatorFactoryBean': no URL paths identified
2016-01-04 23:51:07.071 DEBUG 15727 --- [    Test worker] o.s.w.s.h.BeanNameUrlHandlerMapping      : Rejected bean name 'customConversions': no URL paths identified
2016-01-04 23:51:07.071 DEBUG 15727 --- [    Test worker] o.s.w.s.h.BeanNameUrlHandlerMapping      : Rejected bean name 'mongeez': no URL paths identified
2016-01-04 23:51:07.071 DEBUG 15727 --- [    Test worker] o.s.w.s.h.BeanNameUrlHandlerMapping      : Rejected bean name 'mongoTemplate': no URL paths identified
2016-01-04 23:51:07.071 DEBUG 15727 --- [    Test worker] o.s.w.s.h.BeanNameUrlHandlerMapping      : Rejected bean name 'mongoDbFactory': no URL paths identified
2016-01-04 23:51:07.071 DEBUG 15727 --- [    Test worker] o.s.w.s.h.BeanNameUrlHandlerMapping      : Rejected bean name 'mongoMappingContext': no URL paths identified
2016-01-04 23:51:07.071 DEBUG 15727 --- [    Test worker] o.s.w.s.h.BeanNameUrlHandlerMapping      : Rejected bean name 'isNewStrategyFactory': no URL paths identified
2016-01-04 23:51:07.071 DEBUG 15727 --- [    Test worker] o.s.w.s.h.BeanNameUrlHandlerMapping      : Rejected bean name 'mappingMongoConverter': no URL paths identified
2016-01-04 23:51:07.071 DEBUG 15727 --- [    Test worker] o.s.w.s.h.BeanNameUrlHandlerMapping      : Rejected bean name 'org.springframework.data.mongodb.repository.config.MongoRepositoryConfigurationExtension#0': no URL paths identified
2016-01-04 23:51:07.071 DEBUG 15727 --- [    Test worker] o.s.w.s.h.BeanNameUrlHandlerMapping      : Rejected bean name 'org.springframework.data.repository.core.support.RepositoryInterfaceAwareBeanPostProcessor': no URL paths identified
2016-01-04 23:51:07.071 DEBUG 15727 --- [    Test worker] o.s.w.s.h.BeanNameUrlHandlerMapping      : Rejected bean name 'accountRepository': no URL paths identified
2016-01-04 23:51:07.071 DEBUG 15727 --- [    Test worker] o.s.w.s.h.BeanNameUrlHandlerMapping      : Rejected bean name 'OAuth2RefreshTokenRepository': no URL paths identified
2016-01-04 23:51:07.071 DEBUG 15727 --- [    Test worker] o.s.w.s.h.BeanNameUrlHandlerMapping      : Rejected bean name 'OAuth2AccessTokenRepository': no URL paths identified
2016-01-04 23:51:07.071 DEBUG 15727 --- [    Test worker] o.s.w.s.h.BeanNameUrlHandlerMapping      : Rejected bean name 'mongoAuditingHandler': no URL paths identified
2016-01-04 23:51:07.071 DEBUG 15727 --- [    Test worker] o.s.w.s.h.BeanNameUrlHandlerMapping      : Rejected bean name 'org.springframework.data.mongodb.core.mapping.event.AuditingEventListener': no URL paths identified
2016-01-04 23:51:07.071 DEBUG 15727 --- [    Test worker] o.s.w.s.h.BeanNameUrlHandlerMapping      : Rejected bean name 'org.springframework.security.config.annotation.authentication.configuration.AuthenticationConfiguration': no URL paths identified
2016-01-04 23:51:07.071 DEBUG 15727 --- [    Test worker] o.s.w.s.h.BeanNameUrlHandlerMapping      : Rejected bean name 'authenticationManagerBuilder': no URL paths identified
2016-01-04 23:51:07.071 DEBUG 15727 --- [    Test worker] o.s.w.s.h.BeanNameUrlHandlerMapping      : Rejected bean name 'enableGlobalAuthenticationAutowiredConfigurer': no URL paths identified
2016-01-04 23:51:07.071 DEBUG 15727 --- [    Test worker] o.s.w.s.h.BeanNameUrlHandlerMapping      : Rejected bean name 'org.springframework.security.config.annotation.web.configuration.WebSecurityConfiguration': no URL paths identified
2016-01-04 23:51:07.071 DEBUG 15727 --- [    Test worker] o.s.w.s.h.BeanNameUrlHandlerMapping      : Rejected bean name 'delegatingApplicationListener': no URL paths identified
2016-01-04 23:51:07.071 DEBUG 15727 --- [    Test worker] o.s.w.s.h.BeanNameUrlHandlerMapping      : Rejected bean name 'webSecurityExpressionHandler': no URL paths identified
2016-01-04 23:51:07.071 DEBUG 15727 --- [    Test worker] o.s.w.s.h.BeanNameUrlHandlerMapping      : Rejected bean name 'springSecurityFilterChain': no URL paths identified
2016-01-04 23:51:07.071 DEBUG 15727 --- [    Test worker] o.s.w.s.h.BeanNameUrlHandlerMapping      : Rejected bean name 'privilegeEvaluator': no URL paths identified
2016-01-04 23:51:07.071 DEBUG 15727 --- [    Test worker] o.s.w.s.h.BeanNameUrlHandlerMapping      : Rejected bean name 'autowiredWebSecurityConfigurersIgnoreParents': no URL paths identified
2016-01-04 23:51:07.071 DEBUG 15727 --- [    Test worker] o.s.w.s.h.BeanNameUrlHandlerMapping      : Rejected bean name 'org.springframework.security.config.annotation.configuration.ObjectPostProcessorConfiguration': no URL paths identified
2016-01-04 23:51:07.071 DEBUG 15727 --- [    Test worker] o.s.w.s.h.BeanNameUrlHandlerMapping      : Rejected bean name 'objectPostProcessor': no URL paths identified
2016-01-04 23:51:07.071 DEBUG 15727 --- [    Test worker] o.s.w.s.h.BeanNameUrlHandlerMapping      : Rejected bean name 'org.springframework.security.config.annotation.web.configuration.WebMvcSecurityConfiguration': no URL paths identified
2016-01-04 23:51:07.071 DEBUG 15727 --- [    Test worker] o.s.w.s.h.BeanNameUrlHandlerMapping      : Rejected bean name 'requestDataValueProcessor': no URL paths identified
2016-01-04 23:51:07.071 DEBUG 15727 --- [    Test worker] o.s.w.s.h.BeanNameUrlHandlerMapping      : Rejected bean name 'passwordEncoder': no URL paths identified
2016-01-04 23:51:07.071 DEBUG 15727 --- [    Test worker] o.s.w.s.h.BeanNameUrlHandlerMapping      : Rejected bean name 'authenticationManagerBean': no URL paths identified
2016-01-04 23:51:07.071 DEBUG 15727 --- [    Test worker] o.s.w.s.h.BeanNameUrlHandlerMapping      : Rejected bean name 'org.springframework.security.oauth2.config.annotation.web.configuration.ResourceServerConfiguration': no URL paths identified
2016-01-04 23:51:07.071 DEBUG 15727 --- [    Test worker] o.s.w.s.h.BeanNameUrlHandlerMapping      : Rejected bean name 'validator': no URL paths identified
2016-01-04 23:51:07.071 DEBUG 15727 --- [    Test worker] o.s.w.s.h.BeanNameUrlHandlerMapping      : Rejected bean name 'org.springframework.boot.autoconfigure.AutoConfigurationPackages': no URL paths identified
2016-01-04 23:51:07.072 DEBUG 15727 --- [    Test worker] o.s.w.s.h.BeanNameUrlHandlerMapping      : Rejected bean name 'org.springframework.boot.autoconfigure.PropertyPlaceholderAutoConfiguration': no URL paths identified
2016-01-04 23:51:07.072 DEBUG 15727 --- [    Test worker] o.s.w.s.h.BeanNameUrlHandlerMapping      : Rejected bean name 'propertySourcesPlaceholderConfigurer': no URL paths identified
2016-01-04 23:51:07.072 DEBUG 15727 --- [    Test worker] o.s.w.s.h.BeanNameUrlHandlerMapping      : Rejected bean name 'org.springframework.boot.autoconfigure.websocket.WebSocketAutoConfiguration$TomcatWebSocketConfiguration': no URL paths identified
2016-01-04 23:51:07.072 DEBUG 15727 --- [    Test worker] o.s.w.s.h.BeanNameUrlHandlerMapping      : Rejected bean name 'websocketContainerCustomizer': no URL paths identified
2016-01-04 23:51:07.072 DEBUG 15727 --- [    Test worker] o.s.w.s.h.BeanNameUrlHandlerMapping      : Rejected bean name 'org.springframework.boot.autoconfigure.websocket.WebSocketAutoConfiguration': no URL paths identified
2016-01-04 23:51:07.072 DEBUG 15727 --- [    Test worker] o.s.w.s.h.BeanNameUrlHandlerMapping      : Rejected bean name 'org.springframework.boot.autoconfigure.web.EmbeddedServletContainerAutoConfiguration$EmbeddedTomcat': no URL paths identified
2016-01-04 23:51:07.072 DEBUG 15727 --- [    Test worker] o.s.w.s.h.BeanNameUrlHandlerMapping      : Rejected bean name 'tomcatEmbeddedServletContainerFactory': no URL paths identified
2016-01-04 23:51:07.072 DEBUG 15727 --- [    Test worker] o.s.w.s.h.BeanNameUrlHandlerMapping      : Rejected bean name 'org.springframework.boot.autoconfigure.web.EmbeddedServletContainerAutoConfiguration': no URL paths identified
2016-01-04 23:51:07.072 DEBUG 15727 --- [    Test worker] o.s.w.s.h.BeanNameUrlHandlerMapping      : Rejected bean name 'embeddedServletContainerCustomizerBeanPostProcessor': no URL paths identified
2016-01-04 23:51:07.072 DEBUG 15727 --- [    Test worker] o.s.w.s.h.BeanNameUrlHandlerMapping      : Rejected bean name 'org.springframework.boot.autoconfigure.web.DispatcherServletAutoConfiguration$DispatcherServletConfiguration': no URL paths identified
2016-01-04 23:51:07.072 DEBUG 15727 --- [    Test worker] o.s.w.s.h.BeanNameUrlHandlerMapping      : Rejected bean name 'dispatcherServlet': no URL paths identified
2016-01-04 23:51:07.072 DEBUG 15727 --- [    Test worker] o.s.w.s.h.BeanNameUrlHandlerMapping      : Rejected bean name 'dispatcherServletRegistration': no URL paths identified
2016-01-04 23:51:07.072 DEBUG 15727 --- [    Test worker] o.s.w.s.h.BeanNameUrlHandlerMapping      : Rejected bean name 'spring.mvc.CONFIGURATION_PROPERTIES': no URL paths identified
2016-01-04 23:51:07.072 DEBUG 15727 --- [    Test worker] o.s.w.s.h.BeanNameUrlHandlerMapping      : Rejected bean name 'org.springframework.boot.autoconfigure.web.DispatcherServletAutoConfiguration': no URL paths identified
2016-01-04 23:51:07.072 DEBUG 15727 --- [    Test worker] o.s.w.s.h.BeanNameUrlHandlerMapping      : Rejected bean name 'org.springframework.boot.autoconfigure.web.ErrorMvcAutoConfiguration$WhitelabelErrorViewConfiguration': no URL paths identified
2016-01-04 23:51:07.072 DEBUG 15727 --- [    Test worker] o.s.w.s.h.BeanNameUrlHandlerMapping      : Rejected bean name 'error': no URL paths identified
2016-01-04 23:51:07.072 DEBUG 15727 --- [    Test worker] o.s.w.s.h.BeanNameUrlHandlerMapping      : Rejected bean name 'beanNameViewResolver': no URL paths identified
2016-01-04 23:51:07.072 DEBUG 15727 --- [    Test worker] o.s.w.s.h.BeanNameUrlHandlerMapping      : Rejected bean name 'org.springframework.boot.autoconfigure.web.ErrorMvcAutoConfiguration': no URL paths identified
2016-01-04 23:51:07.072 DEBUG 15727 --- [    Test worker] o.s.w.s.h.BeanNameUrlHandlerMapping      : Rejected bean name 'errorAttributes': no URL paths identified
2016-01-04 23:51:07.072 DEBUG 15727 --- [    Test worker] o.s.w.s.h.BeanNameUrlHandlerMapping      : Rejected bean name 'basicErrorController': no URL paths identified
2016-01-04 23:51:07.072 DEBUG 15727 --- [    Test worker] o.s.w.s.h.BeanNameUrlHandlerMapping      : Rejected bean name 'errorPageCustomizer': no URL paths identified
2016-01-04 23:51:07.072 DEBUG 15727 --- [    Test worker] o.s.w.s.h.BeanNameUrlHandlerMapping      : Rejected bean name 'preserveErrorControllerTargetClassPostProcessor': no URL paths identified
2016-01-04 23:51:07.072 DEBUG 15727 --- [    Test worker] o.s.w.s.h.BeanNameUrlHandlerMapping      : Rejected bean name 'org.springframework.boot.autoconfigure.security.oauth2.resource.OAuth2ResourceServerConfiguration': no URL paths identified
2016-01-04 23:51:07.072 DEBUG 15727 --- [    Test worker] o.s.w.s.h.BeanNameUrlHandlerMapping      : Rejected bean name 'resourceServer': no URL paths identified
2016-01-04 23:51:07.072 DEBUG 15727 --- [    Test worker] o.s.w.s.h.BeanNameUrlHandlerMapping      : Rejected bean name 'org.springframework.boot.autoconfigure.security.oauth2.OAuth2AutoConfiguration': no URL paths identified
2016-01-04 23:51:07.072 DEBUG 15727 --- [    Test worker] o.s.w.s.h.BeanNameUrlHandlerMapping      : Rejected bean name 'resourceServerProperties': no URL paths identified
2016-01-04 23:51:07.072 DEBUG 15727 --- [    Test worker] o.s.w.s.h.BeanNameUrlHandlerMapping      : Rejected bean name 'security.oauth2.client.CONFIGURATION_PROPERTIES': no URL paths identified
2016-01-04 23:51:07.072 DEBUG 15727 --- [    Test worker] o.s.w.s.h.BeanNameUrlHandlerMapping      : Rejected bean name 'org.springframework.boot.autoconfigure.web.WebMvcAutoConfiguration$EnableWebMvcConfiguration': no URL paths identified
2016-01-04 23:51:07.072 DEBUG 15727 --- [    Test worker] o.s.w.s.h.BeanNameUrlHandlerMapping      : Rejected bean name 'requestMappingHandlerAdapter': no URL paths identified
2016-01-04 23:51:07.072 DEBUG 15727 --- [    Test worker] o.s.w.s.h.BeanNameUrlHandlerMapping      : Rejected bean name 'requestMappingHandlerMapping': no URL paths identified
2016-01-04 23:51:07.072 DEBUG 15727 --- [    Test worker] o.s.w.s.h.BeanNameUrlHandlerMapping      : Rejected bean name 'mvcContentNegotiationManager': no URL paths identified
2016-01-04 23:51:07.072 DEBUG 15727 --- [    Test worker] o.s.w.s.h.BeanNameUrlHandlerMapping      : Rejected bean name 'viewControllerHandlerMapping': no URL paths identified
2016-01-04 23:51:07.072 DEBUG 15727 --- [    Test worker] o.s.w.s.h.BeanNameUrlHandlerMapping      : Rejected bean name 'beanNameHandlerMapping': no URL paths identified
2016-01-04 23:51:07.072 DEBUG 15727 --- [    Test worker] o.s.w.s.h.BeanNameUrlHandlerMapping      : Rejected bean name 'resourceHandlerMapping': no URL paths identified
2016-01-04 23:51:07.073 DEBUG 15727 --- [    Test worker] o.s.w.s.h.BeanNameUrlHandlerMapping      : Rejected bean name 'mvcResourceUrlProvider': no URL paths identified
2016-01-04 23:51:07.073 DEBUG 15727 --- [    Test worker] o.s.w.s.h.BeanNameUrlHandlerMapping      : Rejected bean name 'defaultServletHandlerMapping': no URL paths identified
2016-01-04 23:51:07.073 DEBUG 15727 --- [    Test worker] o.s.w.s.h.BeanNameUrlHandlerMapping      : Rejected bean name 'mvcConversionService': no URL paths identified
2016-01-04 23:51:07.073 DEBUG 15727 --- [    Test worker] o.s.w.s.h.BeanNameUrlHandlerMapping      : Rejected bean name 'mvcValidator': no URL paths identified
2016-01-04 23:51:07.073 DEBUG 15727 --- [    Test worker] o.s.w.s.h.BeanNameUrlHandlerMapping      : Rejected bean name 'mvcPathMatcher': no URL paths identified
2016-01-04 23:51:07.073 DEBUG 15727 --- [    Test worker] o.s.w.s.h.BeanNameUrlHandlerMapping      : Rejected bean name 'mvcUrlPathHelper': no URL paths identified
2016-01-04 23:51:07.073 DEBUG 15727 --- [    Test worker] o.s.w.s.h.BeanNameUrlHandlerMapping      : Rejected bean name 'mvcUriComponentsContributor': no URL paths identified
2016-01-04 23:51:07.073 DEBUG 15727 --- [    Test worker] o.s.w.s.h.BeanNameUrlHandlerMapping      : Rejected bean name 'httpRequestHandlerAdapter': no URL paths identified
2016-01-04 23:51:07.073 DEBUG 15727 --- [    Test worker] o.s.w.s.h.BeanNameUrlHandlerMapping      : Rejected bean name 'simpleControllerHandlerAdapter': no URL paths identified
2016-01-04 23:51:07.073 DEBUG 15727 --- [    Test worker] o.s.w.s.h.BeanNameUrlHandlerMapping      : Rejected bean name 'handlerExceptionResolver': no URL paths identified
2016-01-04 23:51:07.073 DEBUG 15727 --- [    Test worker] o.s.w.s.h.BeanNameUrlHandlerMapping      : Rejected bean name 'mvcViewResolver': no URL paths identified
2016-01-04 23:51:07.073 DEBUG 15727 --- [    Test worker] o.s.w.s.h.BeanNameUrlHandlerMapping      : Rejected bean name 'org.springframework.boot.autoconfigure.web.WebMvcAutoConfiguration$WebMvcAutoConfigurationAdapter$FaviconConfiguration': no URL paths identified
2016-01-04 23:51:07.073 DEBUG 15727 --- [    Test worker] o.s.w.s.h.BeanNameUrlHandlerMapping      : Rejected bean name 'faviconHandlerMapping': no URL paths identified
2016-01-04 23:51:07.073 DEBUG 15727 --- [    Test worker] o.s.w.s.h.BeanNameUrlHandlerMapping      : Rejected bean name 'faviconRequestHandler': no URL paths identified
2016-01-04 23:51:07.073 DEBUG 15727 --- [    Test worker] o.s.w.s.h.BeanNameUrlHandlerMapping      : Rejected bean name 'org.springframework.boot.autoconfigure.web.WebMvcAutoConfiguration$WebMvcAutoConfigurationAdapter': no URL paths identified
2016-01-04 23:51:07.073 DEBUG 15727 --- [    Test worker] o.s.w.s.h.BeanNameUrlHandlerMapping      : Rejected bean name 'defaultViewResolver': no URL paths identified
2016-01-04 23:51:07.073 DEBUG 15727 --- [    Test worker] o.s.w.s.h.BeanNameUrlHandlerMapping      : Rejected bean name 'requestContextFilter': no URL paths identified
2016-01-04 23:51:07.073 DEBUG 15727 --- [    Test worker] o.s.w.s.h.BeanNameUrlHandlerMapping      : Rejected bean name 'viewResolver': no URL paths identified
2016-01-04 23:51:07.073 DEBUG 15727 --- [    Test worker] o.s.w.s.h.BeanNameUrlHandlerMapping      : Rejected bean name 'spring.resources.CONFIGURATION_PROPERTIES': no URL paths identified
2016-01-04 23:51:07.073 DEBUG 15727 --- [    Test worker] o.s.w.s.h.BeanNameUrlHandlerMapping      : Rejected bean name 'org.springframework.boot.autoconfigure.web.WebMvcAutoConfiguration': no URL paths identified
2016-01-04 23:51:07.073 DEBUG 15727 --- [    Test worker] o.s.w.s.h.BeanNameUrlHandlerMapping      : Rejected bean name 'hiddenHttpMethodFilter': no URL paths identified
2016-01-04 23:51:07.073 DEBUG 15727 --- [    Test worker] o.s.w.s.h.BeanNameUrlHandlerMapping      : Rejected bean name 'httpPutFormContentFilter': no URL paths identified
2016-01-04 23:51:07.073 DEBUG 15727 --- [    Test worker] o.s.w.s.h.BeanNameUrlHandlerMapping      : Rejected bean name 'org.springframework.cloud.util.UtilAutoConfiguration': no URL paths identified
2016-01-04 23:51:07.073 DEBUG 15727 --- [    Test worker] o.s.w.s.h.BeanNameUrlHandlerMapping      : Rejected bean name 'inetUtilsProperties': no URL paths identified
2016-01-04 23:51:07.073 DEBUG 15727 --- [    Test worker] o.s.w.s.h.BeanNameUrlHandlerMapping      : Rejected bean name 'inetUtils': no URL paths identified
2016-01-04 23:51:07.073 DEBUG 15727 --- [    Test worker] o.s.w.s.h.BeanNameUrlHandlerMapping      : Rejected bean name 'org.springframework.boot.actuate.autoconfigure.AuditAutoConfiguration$AuditEventRepositoryConfiguration': no URL paths identified
2016-01-04 23:51:07.073 DEBUG 15727 --- [    Test worker] o.s.w.s.h.BeanNameUrlHandlerMapping      : Rejected bean name 'auditEventRepository': no URL paths identified
2016-01-04 23:51:07.073 DEBUG 15727 --- [    Test worker] o.s.w.s.h.BeanNameUrlHandlerMapping      : Rejected bean name 'org.springframework.boot.actuate.autoconfigure.AuditAutoConfiguration': no URL paths identified
2016-01-04 23:51:07.073 DEBUG 15727 --- [    Test worker] o.s.w.s.h.BeanNameUrlHandlerMapping      : Rejected bean name 'auditListener': no URL paths identified
2016-01-04 23:51:07.073 DEBUG 15727 --- [    Test worker] o.s.w.s.h.BeanNameUrlHandlerMapping      : Rejected bean name 'authenticationAuditListener': no URL paths identified
2016-01-04 23:51:07.074 DEBUG 15727 --- [    Test worker] o.s.w.s.h.BeanNameUrlHandlerMapping      : Rejected bean name 'authorizationAuditListener': no URL paths identified
2016-01-04 23:51:07.074 DEBUG 15727 --- [    Test worker] o.s.w.s.h.BeanNameUrlHandlerMapping      : Rejected bean name 'org.springframework.boot.autoconfigure.security.BootGlobalAuthenticationConfiguration': no URL paths identified
2016-01-04 23:51:07.074 DEBUG 15727 --- [    Test worker] o.s.w.s.h.BeanNameUrlHandlerMapping      : Rejected bean name 'bootGlobalAuthenticationConfigurationAdapter': no URL paths identified
2016-01-04 23:51:07.074 DEBUG 15727 --- [    Test worker] o.s.w.s.h.BeanNameUrlHandlerMapping      : Rejected bean name 'org.springframework.boot.autoconfigure.security.SecurityAutoConfiguration': no URL paths identified
2016-01-04 23:51:07.074 DEBUG 15727 --- [    Test worker] o.s.w.s.h.BeanNameUrlHandlerMapping      : Rejected bean name 'authenticationEventPublisher': no URL paths identified
2016-01-04 23:51:07.074 DEBUG 15727 --- [    Test worker] o.s.w.s.h.BeanNameUrlHandlerMapping      : Rejected bean name 'securityProperties': no URL paths identified
2016-01-04 23:51:07.074 DEBUG 15727 --- [    Test worker] o.s.w.s.h.BeanNameUrlHandlerMapping      : Rejected bean name 'org.springframework.boot.actuate.autoconfigure.ManagementWebSecurityAutoConfiguration$ManagementWebSecurityConfigurerAdapter': no URL paths identified
2016-01-04 23:51:07.074 DEBUG 15727 --- [    Test worker] o.s.w.s.h.BeanNameUrlHandlerMapping      : Rejected bean name 'org.springframework.boot.actuate.autoconfigure.ManagementWebSecurityAutoConfiguration$ManagementSecurityPropertiesConfiguration': no URL paths identified
2016-01-04 23:51:07.074 DEBUG 15727 --- [    Test worker] o.s.w.s.h.BeanNameUrlHandlerMapping      : Rejected bean name 'org.springframework.boot.actuate.autoconfigure.ManagementWebSecurityAutoConfiguration': no URL paths identified
2016-01-04 23:51:07.074 DEBUG 15727 --- [    Test worker] o.s.w.s.h.BeanNameUrlHandlerMapping      : Rejected bean name 'ignoredPathsWebSecurityConfigurerAdapter': no URL paths identified
2016-01-04 23:51:07.074 DEBUG 15727 --- [    Test worker] o.s.w.s.h.BeanNameUrlHandlerMapping      : Rejected bean name 'org.springframework.boot.autoconfigure.data.mongo.MongoDataAutoConfiguration': no URL paths identified
2016-01-04 23:51:07.074 DEBUG 15727 --- [    Test worker] o.s.w.s.h.BeanNameUrlHandlerMapping      : Rejected bean name 'gridFsTemplate': no URL paths identified
2016-01-04 23:51:07.074 DEBUG 15727 --- [    Test worker] o.s.w.s.h.BeanNameUrlHandlerMapping      : Rejected bean name 'org.springframework.boot.actuate.autoconfigure.HealthIndicatorAutoConfiguration$DiskSpaceHealthIndicatorConfiguration': no URL paths identified
2016-01-04 23:51:07.074 DEBUG 15727 --- [    Test worker] o.s.w.s.h.BeanNameUrlHandlerMapping      : Rejected bean name 'diskSpaceHealthIndicator': no URL paths identified
2016-01-04 23:51:07.074 DEBUG 15727 --- [    Test worker] o.s.w.s.h.BeanNameUrlHandlerMapping      : Rejected bean name 'diskSpaceHealthIndicatorProperties': no URL paths identified
2016-01-04 23:51:07.074 DEBUG 15727 --- [    Test worker] o.s.w.s.h.BeanNameUrlHandlerMapping      : Rejected bean name 'org.springframework.boot.actuate.autoconfigure.HealthIndicatorAutoConfiguration$MongoHealthIndicatorConfiguration': no URL paths identified
2016-01-04 23:51:07.074 DEBUG 15727 --- [    Test worker] o.s.w.s.h.BeanNameUrlHandlerMapping      : Rejected bean name 'mongoHealthIndicator': no URL paths identified
2016-01-04 23:51:07.074 DEBUG 15727 --- [    Test worker] o.s.w.s.h.BeanNameUrlHandlerMapping      : Rejected bean name 'org.springframework.boot.actuate.autoconfigure.HealthIndicatorAutoConfiguration': no URL paths identified
2016-01-04 23:51:07.074 DEBUG 15727 --- [    Test worker] o.s.w.s.h.BeanNameUrlHandlerMapping      : Rejected bean name 'healthAggregator': no URL paths identified
2016-01-04 23:51:07.074 DEBUG 15727 --- [    Test worker] o.s.w.s.h.BeanNameUrlHandlerMapping      : Rejected bean name 'management.health.status.CONFIGURATION_PROPERTIES': no URL paths identified
2016-01-04 23:51:07.074 DEBUG 15727 --- [    Test worker] o.s.w.s.h.BeanNameUrlHandlerMapping      : Rejected bean name 'org.springframework.boot.actuate.autoconfigure.MetricRepositoryAutoConfiguration$FastMetricServicesConfiguration': no URL paths identified
2016-01-04 23:51:07.074 DEBUG 15727 --- [    Test worker] o.s.w.s.h.BeanNameUrlHandlerMapping      : Rejected bean name 'counterBuffers': no URL paths identified
2016-01-04 23:51:07.074 DEBUG 15727 --- [    Test worker] o.s.w.s.h.BeanNameUrlHandlerMapping      : Rejected bean name 'gaugeBuffers': no URL paths identified
2016-01-04 23:51:07.074 DEBUG 15727 --- [    Test worker] o.s.w.s.h.BeanNameUrlHandlerMapping      : Rejected bean name 'actuatorMetricReader': no URL paths identified
2016-01-04 23:51:07.074 DEBUG 15727 --- [    Test worker] o.s.w.s.h.BeanNameUrlHandlerMapping      : Rejected bean name 'counterService': no URL paths identified
2016-01-04 23:51:07.074 DEBUG 15727 --- [    Test worker] o.s.w.s.h.BeanNameUrlHandlerMapping      : Rejected bean name 'gaugeService': no URL paths identified
2016-01-04 23:51:07.075 DEBUG 15727 --- [    Test worker] o.s.w.s.h.BeanNameUrlHandlerMapping      : Rejected bean name 'org.springframework.boot.actuate.autoconfigure.MetricRepositoryAutoConfiguration': no URL paths identified
2016-01-04 23:51:07.075 DEBUG 15727 --- [    Test worker] o.s.w.s.h.BeanNameUrlHandlerMapping      : Rejected bean name 'org.springframework.boot.actuate.autoconfigure.PublicMetricsAutoConfiguration$TomcatMetricsConfiguration': no URL paths identified
2016-01-04 23:51:07.075 DEBUG 15727 --- [    Test worker] o.s.w.s.h.BeanNameUrlHandlerMapping      : Rejected bean name 'tomcatPublicMetrics': no URL paths identified
2016-01-04 23:51:07.075 DEBUG 15727 --- [    Test worker] o.s.w.s.h.BeanNameUrlHandlerMapping      : Rejected bean name 'org.springframework.boot.actuate.autoconfigure.PublicMetricsAutoConfiguration': no URL paths identified
2016-01-04 23:51:07.075 DEBUG 15727 --- [    Test worker] o.s.w.s.h.BeanNameUrlHandlerMapping      : Rejected bean name 'systemPublicMetrics': no URL paths identified
2016-01-04 23:51:07.075 DEBUG 15727 --- [    Test worker] o.s.w.s.h.BeanNameUrlHandlerMapping      : Rejected bean name 'metricReaderPublicMetrics': no URL paths identified
2016-01-04 23:51:07.075 DEBUG 15727 --- [    Test worker] o.s.w.s.h.BeanNameUrlHandlerMapping      : Rejected bean name 'org.springframework.boot.actuate.autoconfigure.EndpointAutoConfiguration$InfoPropertiesConfiguration': no URL paths identified
2016-01-04 23:51:07.075 DEBUG 15727 --- [    Test worker] o.s.w.s.h.BeanNameUrlHandlerMapping      : Rejected bean name 'org.springframework.boot.actuate.autoconfigure.EndpointAutoConfiguration$RequestMappingEndpointConfiguration': no URL paths identified
2016-01-04 23:51:07.075 DEBUG 15727 --- [    Test worker] o.s.w.s.h.BeanNameUrlHandlerMapping      : Rejected bean name 'requestMappingEndpoint': no URL paths identified
2016-01-04 23:51:07.075 DEBUG 15727 --- [    Test worker] o.s.w.s.h.BeanNameUrlHandlerMapping      : Rejected bean name 'org.springframework.boot.actuate.autoconfigure.EndpointAutoConfiguration': no URL paths identified
2016-01-04 23:51:07.075 DEBUG 15727 --- [    Test worker] o.s.w.s.h.BeanNameUrlHandlerMapping      : Rejected bean name 'environmentEndpoint': no URL paths identified
2016-01-04 23:51:07.075 DEBUG 15727 --- [    Test worker] o.s.w.s.h.BeanNameUrlHandlerMapping      : Rejected bean name 'healthEndpoint': no URL paths identified
2016-01-04 23:51:07.075 DEBUG 15727 --- [    Test worker] o.s.w.s.h.BeanNameUrlHandlerMapping      : Rejected bean name 'beansEndpoint': no URL paths identified
2016-01-04 23:51:07.075 DEBUG 15727 --- [    Test worker] o.s.w.s.h.BeanNameUrlHandlerMapping      : Rejected bean name 'infoEndpoint': no URL paths identified
2016-01-04 23:51:07.075 DEBUG 15727 --- [    Test worker] o.s.w.s.h.BeanNameUrlHandlerMapping      : Rejected bean name 'metricsEndpoint': no URL paths identified
2016-01-04 23:51:07.075 DEBUG 15727 --- [    Test worker] o.s.w.s.h.BeanNameUrlHandlerMapping      : Rejected bean name 'traceEndpoint': no URL paths identified
2016-01-04 23:51:07.075 DEBUG 15727 --- [    Test worker] o.s.w.s.h.BeanNameUrlHandlerMapping      : Rejected bean name 'dumpEndpoint': no URL paths identified
2016-01-04 23:51:07.075 DEBUG 15727 --- [    Test worker] o.s.w.s.h.BeanNameUrlHandlerMapping      : Rejected bean name 'autoConfigurationReportEndpoint': no URL paths identified
2016-01-04 23:51:07.075 DEBUG 15727 --- [    Test worker] o.s.w.s.h.BeanNameUrlHandlerMapping      : Rejected bean name 'shutdownEndpoint': no URL paths identified
2016-01-04 23:51:07.075 DEBUG 15727 --- [    Test worker] o.s.w.s.h.BeanNameUrlHandlerMapping      : Rejected bean name 'configurationPropertiesReportEndpoint': no URL paths identified
2016-01-04 23:51:07.075 DEBUG 15727 --- [    Test worker] o.s.w.s.h.BeanNameUrlHandlerMapping      : Rejected bean name 'endpoints.CONFIGURATION_PROPERTIES': no URL paths identified
2016-01-04 23:51:07.075 DEBUG 15727 --- [    Test worker] o.s.w.s.h.BeanNameUrlHandlerMapping      : Rejected bean name 'org.springframework.boot.autoconfigure.web.ServerPropertiesAutoConfiguration': no URL paths identified
2016-01-04 23:51:07.075 DEBUG 15727 --- [    Test worker] o.s.w.s.h.BeanNameUrlHandlerMapping      : Rejected bean name 'serverProperties': no URL paths identified
2016-01-04 23:51:07.075 DEBUG 15727 --- [    Test worker] o.s.w.s.h.BeanNameUrlHandlerMapping      : Rejected bean name 'duplicateServerPropertiesDetector': no URL paths identified
2016-01-04 23:51:07.075 DEBUG 15727 --- [    Test worker] o.s.w.s.h.BeanNameUrlHandlerMapping      : Rejected bean name 'org.springframework.boot.actuate.autoconfigure.ManagementServerPropertiesAutoConfiguration': no URL paths identified
2016-01-04 23:51:07.075 DEBUG 15727 --- [    Test worker] o.s.w.s.h.BeanNameUrlHandlerMapping      : Rejected bean name 'managementServerProperties': no URL paths identified
2016-01-04 23:51:07.075 DEBUG 15727 --- [    Test worker] o.s.w.s.h.BeanNameUrlHandlerMapping      : Rejected bean name 'org.springframework.boot.autoconfigure.jackson.JacksonAutoConfiguration$JacksonObjectMapperBuilderConfiguration': no URL paths identified
2016-01-04 23:51:07.076 DEBUG 15727 --- [    Test worker] o.s.w.s.h.BeanNameUrlHandlerMapping      : Rejected bean name 'jacksonObjectMapperBuilder': no URL paths identified
2016-01-04 23:51:07.076 DEBUG 15727 --- [    Test worker] o.s.w.s.h.BeanNameUrlHandlerMapping      : Rejected bean name 'spring.jackson.CONFIGURATION_PROPERTIES': no URL paths identified
2016-01-04 23:51:07.076 DEBUG 15727 --- [    Test worker] o.s.w.s.h.BeanNameUrlHandlerMapping      : Rejected bean name 'org.springframework.boot.autoconfigure.jackson.JacksonAutoConfiguration$JacksonObjectMapperConfiguration': no URL paths identified
2016-01-04 23:51:07.076 DEBUG 15727 --- [    Test worker] o.s.w.s.h.BeanNameUrlHandlerMapping      : Rejected bean name 'jacksonObjectMapper': no URL paths identified
2016-01-04 23:51:07.076 DEBUG 15727 --- [    Test worker] o.s.w.s.h.BeanNameUrlHandlerMapping      : Rejected bean name 'org.springframework.boot.autoconfigure.jackson.JacksonAutoConfiguration': no URL paths identified
2016-01-04 23:51:07.076 DEBUG 15727 --- [    Test worker] o.s.w.s.h.BeanNameUrlHandlerMapping      : Rejected bean name 'org.springframework.boot.autoconfigure.web.HttpMessageConvertersAutoConfiguration$StringHttpMessageConverterConfiguration': no URL paths identified
2016-01-04 23:51:07.076 DEBUG 15727 --- [    Test worker] o.s.w.s.h.BeanNameUrlHandlerMapping      : Rejected bean name 'stringHttpMessageConverter': no URL paths identified
2016-01-04 23:51:07.076 DEBUG 15727 --- [    Test worker] o.s.w.s.h.BeanNameUrlHandlerMapping      : Rejected bean name 'spring.http.encoding.CONFIGURATION_PROPERTIES': no URL paths identified
2016-01-04 23:51:07.076 DEBUG 15727 --- [    Test worker] o.s.w.s.h.BeanNameUrlHandlerMapping      : Rejected bean name 'org.springframework.boot.autoconfigure.web.JacksonHttpMessageConvertersConfiguration$MappingJackson2HttpMessageConverterConfiguration': no URL paths identified
2016-01-04 23:51:07.076 DEBUG 15727 --- [    Test worker] o.s.w.s.h.BeanNameUrlHandlerMapping      : Rejected bean name 'mappingJackson2HttpMessageConverter': no URL paths identified
2016-01-04 23:51:07.076 DEBUG 15727 --- [    Test worker] o.s.w.s.h.BeanNameUrlHandlerMapping      : Rejected bean name 'org.springframework.boot.autoconfigure.web.JacksonHttpMessageConvertersConfiguration': no URL paths identified
2016-01-04 23:51:07.076 DEBUG 15727 --- [    Test worker] o.s.w.s.h.BeanNameUrlHandlerMapping      : Rejected bean name 'org.springframework.boot.autoconfigure.web.HttpMessageConvertersAutoConfiguration': no URL paths identified
2016-01-04 23:51:07.076 DEBUG 15727 --- [    Test worker] o.s.w.s.h.BeanNameUrlHandlerMapping      : Rejected bean name 'messageConverters': no URL paths identified
2016-01-04 23:51:07.076 DEBUG 15727 --- [    Test worker] o.s.w.s.h.BeanNameUrlHandlerMapping      : Rejected bean name 'org.springframework.boot.actuate.autoconfigure.EndpointWebMvcManagementContextConfiguration': no URL paths identified
2016-01-04 23:51:07.076 DEBUG 15727 --- [    Test worker] o.s.w.s.h.BeanNameUrlHandlerMapping      : Rejected bean name 'endpointHandlerMapping': no URL paths identified
2016-01-04 23:51:07.076 DEBUG 15727 --- [    Test worker] o.s.w.s.h.BeanNameUrlHandlerMapping      : Rejected bean name 'mvcEndpoints': no URL paths identified
2016-01-04 23:51:07.076 DEBUG 15727 --- [    Test worker] o.s.w.s.h.BeanNameUrlHandlerMapping      : Rejected bean name 'environmentMvcEndpoint': no URL paths identified
2016-01-04 23:51:07.076 DEBUG 15727 --- [    Test worker] o.s.w.s.h.BeanNameUrlHandlerMapping      : Rejected bean name 'healthMvcEndpoint': no URL paths identified
2016-01-04 23:51:07.076 DEBUG 15727 --- [    Test worker] o.s.w.s.h.BeanNameUrlHandlerMapping      : Rejected bean name 'metricsMvcEndpoint': no URL paths identified
2016-01-04 23:51:07.076 DEBUG 15727 --- [    Test worker] o.s.w.s.h.BeanNameUrlHandlerMapping      : Rejected bean name 'endpoints.health.CONFIGURATION_PROPERTIES': no URL paths identified
2016-01-04 23:51:07.076 DEBUG 15727 --- [    Test worker] o.s.w.s.h.BeanNameUrlHandlerMapping      : Rejected bean name 'endpoints.cors.CONFIGURATION_PROPERTIES': no URL paths identified
2016-01-04 23:51:07.076 DEBUG 15727 --- [    Test worker] o.s.w.s.h.BeanNameUrlHandlerMapping      : Rejected bean name 'org.springframework.boot.actuate.autoconfigure.EndpointWebMvcHypermediaManagementContextConfiguration$ActuatorEndpointLinksAdvice': no URL paths identified
2016-01-04 23:51:07.077 DEBUG 15727 --- [    Test worker] o.s.w.s.h.BeanNameUrlHandlerMapping      : Rejected bean name 'org.springframework.boot.actuate.autoconfigure.EndpointWebMvcHypermediaManagementContextConfiguration': no URL paths identified
2016-01-04 23:51:07.077 DEBUG 15727 --- [    Test worker] o.s.w.s.h.BeanNameUrlHandlerMapping      : Rejected bean name 'managementServletContext': no URL paths identified
2016-01-04 23:51:07.077 DEBUG 15727 --- [    Test worker] o.s.w.s.h.BeanNameUrlHandlerMapping      : Rejected bean name 'halJsonMvcEndpoint': no URL paths identified
2016-01-04 23:51:07.077 DEBUG 15727 --- [    Test worker] o.s.w.s.h.BeanNameUrlHandlerMapping      : Rejected bean name 'docsMvcEndpoint': no URL paths identified
2016-01-04 23:51:07.077 DEBUG 15727 --- [    Test worker] o.s.w.s.h.BeanNameUrlHandlerMapping      : Rejected bean name 'org.springframework.boot.actuate.autoconfigure.EndpointWebMvcAutoConfiguration$EndpointWebMvcConfiguration': no URL paths identified
2016-01-04 23:51:07.077 DEBUG 15727 --- [    Test worker] o.s.w.s.h.BeanNameUrlHandlerMapping      : Rejected bean name 'org.springframework.boot.actuate.autoconfigure.EndpointWebMvcAutoConfiguration$ApplicationContextFilterConfiguration': no URL paths identified
2016-01-04 23:51:07.077 DEBUG 15727 --- [    Test worker] o.s.w.s.h.BeanNameUrlHandlerMapping      : Rejected bean name 'applicationContextIdFilter': no URL paths identified
2016-01-04 23:51:07.077 DEBUG 15727 --- [    Test worker] o.s.w.s.h.BeanNameUrlHandlerMapping      : Rejected bean name 'org.springframework.boot.actuate.autoconfigure.EndpointWebMvcAutoConfiguration': no URL paths identified
2016-01-04 23:51:07.077 DEBUG 15727 --- [    Test worker] o.s.w.s.h.BeanNameUrlHandlerMapping      : Rejected bean name 'managementContextResolver': no URL paths identified
2016-01-04 23:51:07.077 DEBUG 15727 --- [    Test worker] o.s.w.s.h.BeanNameUrlHandlerMapping      : Rejected bean name 'org.springframework.boot.actuate.autoconfigure.MetricExportAutoConfiguration$MetricExportPropertiesConfiguration': no URL paths identified
2016-01-04 23:51:07.077 DEBUG 15727 --- [    Test worker] o.s.w.s.h.BeanNameUrlHandlerMapping      : Rejected bean name 'spring.metrics.export.CONFIGURATION_PROPERTIES': no URL paths identified
2016-01-04 23:51:07.077 DEBUG 15727 --- [    Test worker] o.s.w.s.h.BeanNameUrlHandlerMapping      : Rejected bean name 'org.springframework.scheduling.annotation.SchedulingConfiguration': no URL paths identified
2016-01-04 23:51:07.077 DEBUG 15727 --- [    Test worker] o.s.w.s.h.BeanNameUrlHandlerMapping      : Rejected bean name 'org.springframework.context.annotation.internalScheduledAnnotationProcessor': no URL paths identified
2016-01-04 23:51:07.077 DEBUG 15727 --- [    Test worker] o.s.w.s.h.BeanNameUrlHandlerMapping      : Rejected bean name 'org.springframework.boot.actuate.autoconfigure.MetricExportAutoConfiguration': no URL paths identified
2016-01-04 23:51:07.077 DEBUG 15727 --- [    Test worker] o.s.w.s.h.BeanNameUrlHandlerMapping      : Rejected bean name 'metricWritersMetricExporter': no URL paths identified
2016-01-04 23:51:07.077 DEBUG 15727 --- [    Test worker] o.s.w.s.h.BeanNameUrlHandlerMapping      : Rejected bean name 'org.springframework.boot.actuate.autoconfigure.MetricFilterAutoConfiguration': no URL paths identified
2016-01-04 23:51:07.077 DEBUG 15727 --- [    Test worker] o.s.w.s.h.BeanNameUrlHandlerMapping      : Rejected bean name 'metricFilter': no URL paths identified
2016-01-04 23:51:07.077 DEBUG 15727 --- [    Test worker] o.s.w.s.h.BeanNameUrlHandlerMapping      : Rejected bean name 'org.springframework.boot.actuate.autoconfigure.TraceRepositoryAutoConfiguration': no URL paths identified
2016-01-04 23:51:07.077 DEBUG 15727 --- [    Test worker] o.s.w.s.h.BeanNameUrlHandlerMapping      : Rejected bean name 'traceRepository': no URL paths identified
2016-01-04 23:51:07.077 DEBUG 15727 --- [    Test worker] o.s.w.s.h.BeanNameUrlHandlerMapping      : Rejected bean name 'org.springframework.boot.actuate.autoconfigure.TraceWebFilterAutoConfiguration': no URL paths identified
2016-01-04 23:51:07.077 DEBUG 15727 --- [    Test worker] o.s.w.s.h.BeanNameUrlHandlerMapping      : Rejected bean name 'webRequestLoggingFilter': no URL paths identified
2016-01-04 23:51:07.077 DEBUG 15727 --- [    Test worker] o.s.w.s.h.BeanNameUrlHandlerMapping      : Rejected bean name 'management.trace.CONFIGURATION_PROPERTIES': no URL paths identified
2016-01-04 23:51:07.077 DEBUG 15727 --- [    Test worker] o.s.w.s.h.BeanNameUrlHandlerMapping      : Rejected bean name 'org.springframework.boot.autoconfigure.context.ConfigurationPropertiesAutoConfiguration': no URL paths identified
2016-01-04 23:51:07.077 DEBUG 15727 --- [    Test worker] o.s.w.s.h.BeanNameUrlHandlerMapping      : Rejected bean name 'org.springframework.boot.autoconfigure.dao.PersistenceExceptionTranslationAutoConfiguration': no URL paths identified
2016-01-04 23:51:07.077 DEBUG 15727 --- [    Test worker] o.s.w.s.h.BeanNameUrlHandlerMapping      : Rejected bean name 'persistenceExceptionTranslationPostProcessor': no URL paths identified
2016-01-04 23:51:07.077 DEBUG 15727 --- [    Test worker] o.s.w.s.h.BeanNameUrlHandlerMapping      : Rejected bean name 'org.springframework.data.web.config.HateoasAwareSpringDataWebConfiguration': no URL paths identified
2016-01-04 23:51:07.077 DEBUG 15727 --- [    Test worker] o.s.w.s.h.BeanNameUrlHandlerMapping      : Rejected bean name 'pageableResolver': no URL paths identified
2016-01-04 23:51:07.078 DEBUG 15727 --- [    Test worker] o.s.w.s.h.BeanNameUrlHandlerMapping      : Rejected bean name 'sortResolver': no URL paths identified
2016-01-04 23:51:07.078 DEBUG 15727 --- [    Test worker] o.s.w.s.h.BeanNameUrlHandlerMapping      : Rejected bean name 'pagedResourcesAssembler': no URL paths identified
2016-01-04 23:51:07.078 DEBUG 15727 --- [    Test worker] o.s.w.s.h.BeanNameUrlHandlerMapping      : Rejected bean name 'pagedResourcesAssemblerArgumentResolver': no URL paths identified
2016-01-04 23:51:07.078 DEBUG 15727 --- [    Test worker] o.s.w.s.h.BeanNameUrlHandlerMapping      : Rejected bean name 'org.springframework.data.mongodb.core.GeoJsonConfiguration': no URL paths identified
2016-01-04 23:51:07.078 DEBUG 15727 --- [    Test worker] o.s.w.s.h.BeanNameUrlHandlerMapping      : Rejected bean name 'geoJsonModule': no URL paths identified
2016-01-04 23:51:07.078 DEBUG 15727 --- [    Test worker] o.s.w.s.h.BeanNameUrlHandlerMapping      : Rejected bean name 'org.springframework.data.web.config.SpringDataJacksonConfiguration': no URL paths identified
2016-01-04 23:51:07.078 DEBUG 15727 --- [    Test worker] o.s.w.s.h.BeanNameUrlHandlerMapping      : Rejected bean name 'jacksonGeoModule': no URL paths identified
2016-01-04 23:51:07.078 DEBUG 15727 --- [    Test worker] o.s.w.s.h.BeanNameUrlHandlerMapping      : Rejected bean name 'org.springframework.boot.autoconfigure.data.web.SpringDataWebAutoConfiguration': no URL paths identified
2016-01-04 23:51:07.078 DEBUG 15727 --- [    Test worker] o.s.w.s.h.BeanNameUrlHandlerMapping      : Rejected bean name 'org.springframework.boot.autoconfigure.security.SecurityFilterAutoConfiguration': no URL paths identified
2016-01-04 23:51:07.078 DEBUG 15727 --- [    Test worker] o.s.w.s.h.BeanNameUrlHandlerMapping      : Rejected bean name 'securityFilterChainRegistration': no URL paths identified
2016-01-04 23:51:07.078 DEBUG 15727 --- [    Test worker] o.s.w.s.h.BeanNameUrlHandlerMapping      : Rejected bean name 'org.springframework.boot.autoconfigure.web.HttpEncodingAutoConfiguration': no URL paths identified
2016-01-04 23:51:07.078 DEBUG 15727 --- [    Test worker] o.s.w.s.h.BeanNameUrlHandlerMapping      : Rejected bean name 'characterEncodingFilter': no URL paths identified
2016-01-04 23:51:07.078 DEBUG 15727 --- [    Test worker] o.s.w.s.h.BeanNameUrlHandlerMapping      : Rejected bean name 'org.springframework.boot.autoconfigure.web.MultipartAutoConfiguration': no URL paths identified
2016-01-04 23:51:07.078 DEBUG 15727 --- [    Test worker] o.s.w.s.h.BeanNameUrlHandlerMapping      : Rejected bean name 'multipartConfigElement': no URL paths identified
2016-01-04 23:51:07.078 DEBUG 15727 --- [    Test worker] o.s.w.s.h.BeanNameUrlHandlerMapping      : Rejected bean name 'multipartResolver': no URL paths identified
2016-01-04 23:51:07.078 DEBUG 15727 --- [    Test worker] o.s.w.s.h.BeanNameUrlHandlerMapping      : Rejected bean name 'multipart.CONFIGURATION_PROPERTIES': no URL paths identified
2016-01-04 23:51:07.078 DEBUG 15727 --- [    Test worker] o.s.w.s.h.BeanNameUrlHandlerMapping      : Rejected bean name 'org.springframework.cloud.autoconfigure.ConfigurationPropertiesRebinderAutoConfiguration': no URL paths identified
2016-01-04 23:51:07.078 DEBUG 15727 --- [    Test worker] o.s.w.s.h.BeanNameUrlHandlerMapping      : Rejected bean name 'configurationPropertiesBeans': no URL paths identified
2016-01-04 23:51:07.078 DEBUG 15727 --- [    Test worker] o.s.w.s.h.BeanNameUrlHandlerMapping      : Rejected bean name 'configurationPropertiesRebinder': no URL paths identified
2016-01-04 23:51:07.078 DEBUG 15727 --- [    Test worker] o.s.w.s.h.BeanNameUrlHandlerMapping      : Rejected bean name 'org.springframework.cloud.autoconfigure.RefreshEndpointAutoConfiguration$RefreshEndpointConfiguration': no URL paths identified
2016-01-04 23:51:07.078 DEBUG 15727 --- [    Test worker] o.s.w.s.h.BeanNameUrlHandlerMapping      : Rejected bean name 'refreshEndpoint': no URL paths identified
2016-01-04 23:51:07.078 DEBUG 15727 --- [    Test worker] o.s.w.s.h.BeanNameUrlHandlerMapping      : Rejected bean name 'org.springframework.cloud.autoconfigure.RefreshEndpointAutoConfiguration$RestartEndpointWithoutIntegration': no URL paths identified
2016-01-04 23:51:07.078 DEBUG 15727 --- [    Test worker] o.s.w.s.h.BeanNameUrlHandlerMapping      : Rejected bean name 'restartEndpoint': no URL paths identified
2016-01-04 23:51:07.078 DEBUG 15727 --- [    Test worker] o.s.w.s.h.BeanNameUrlHandlerMapping      : Rejected bean name 'org.springframework.cloud.autoconfigure.RefreshEndpointAutoConfiguration': no URL paths identified
2016-01-04 23:51:07.078 DEBUG 15727 --- [    Test worker] o.s.w.s.h.BeanNameUrlHandlerMapping      : Rejected bean name 'infoEndpointRebinderConfiguration': no URL paths identified
2016-01-04 23:51:07.078 DEBUG 15727 --- [    Test worker] o.s.w.s.h.BeanNameUrlHandlerMapping      : Rejected bean name 'pauseEndpoint': no URL paths identified
2016-01-04 23:51:07.078 DEBUG 15727 --- [    Test worker] o.s.w.s.h.BeanNameUrlHandlerMapping      : Rejected bean name 'resumeEndpoint': no URL paths identified
2016-01-04 23:51:07.078 DEBUG 15727 --- [    Test worker] o.s.w.s.h.BeanNameUrlHandlerMapping      : Rejected bean name 'org.springframework.cloud.autoconfigure.LifecycleMvcEndpointAutoConfiguration': no URL paths identified
2016-01-04 23:51:07.078 DEBUG 15727 --- [    Test worker] o.s.w.s.h.BeanNameUrlHandlerMapping      : Rejected bean name 'environmentManagerEndpoint': no URL paths identified
2016-01-04 23:51:07.078 DEBUG 15727 --- [    Test worker] o.s.w.s.h.BeanNameUrlHandlerMapping      : Rejected bean name 'refreshMvcEndpoint': no URL paths identified
2016-01-04 23:51:07.079 DEBUG 15727 --- [    Test worker] o.s.w.s.h.BeanNameUrlHandlerMapping      : Rejected bean name 'restartMvcEndpoint': no URL paths identified
2016-01-04 23:51:07.079 DEBUG 15727 --- [    Test worker] o.s.w.s.h.BeanNameUrlHandlerMapping      : Rejected bean name 'pauseMvcEndpoint': no URL paths identified
2016-01-04 23:51:07.079 DEBUG 15727 --- [    Test worker] o.s.w.s.h.BeanNameUrlHandlerMapping      : Rejected bean name 'resumeMvcEndpoint': no URL paths identified
2016-01-04 23:51:07.079 DEBUG 15727 --- [    Test worker] o.s.w.s.h.BeanNameUrlHandlerMapping      : Rejected bean name 'org.springframework.cloud.autoconfigure.RefreshAutoConfiguration': no URL paths identified
2016-01-04 23:51:07.079 DEBUG 15727 --- [    Test worker] o.s.w.s.h.BeanNameUrlHandlerMapping      : Rejected bean name 'refreshScope': no URL paths identified
2016-01-04 23:51:07.079 DEBUG 15727 --- [    Test worker] o.s.w.s.h.BeanNameUrlHandlerMapping      : Rejected bean name 'loggingRebinder': no URL paths identified
2016-01-04 23:51:07.079 DEBUG 15727 --- [    Test worker] o.s.w.s.h.BeanNameUrlHandlerMapping      : Rejected bean name 'environmentManager': no URL paths identified
2016-01-04 23:51:07.079 DEBUG 15727 --- [    Test worker] o.s.w.s.h.BeanNameUrlHandlerMapping      : Rejected bean name 'org.springframework.cloud.client.discovery.noop.NoopDiscoveryClientAutoConfiguration': no URL paths identified
2016-01-04 23:51:07.079 DEBUG 15727 --- [    Test worker] o.s.w.s.h.BeanNameUrlHandlerMapping      : Rejected bean name 'discoveryClient': no URL paths identified
2016-01-04 23:51:07.079 DEBUG 15727 --- [    Test worker] o.s.w.s.h.BeanNameUrlHandlerMapping      : Rejected bean name 'autoConfigurationReport': no URL paths identified
2016-01-04 23:51:07.079 DEBUG 15727 --- [    Test worker] o.s.w.s.h.BeanNameUrlHandlerMapping      : Rejected bean name 'applicationEventMulticaster': no URL paths identified
2016-01-04 23:51:07.079 DEBUG 15727 --- [    Test worker] o.s.w.s.h.BeanNameUrlHandlerMapping      : Rejected bean name 'springApplicationArguments': no URL paths identified
2016-01-04 23:51:07.079 DEBUG 15727 --- [    Test worker] o.s.w.s.h.BeanNameUrlHandlerMapping      : Rejected bean name 'environment': no URL paths identified
2016-01-04 23:51:07.079 DEBUG 15727 --- [    Test worker] o.s.w.s.h.BeanNameUrlHandlerMapping      : Rejected bean name 'systemProperties': no URL paths identified
2016-01-04 23:51:07.079 DEBUG 15727 --- [    Test worker] o.s.w.s.h.BeanNameUrlHandlerMapping      : Rejected bean name 'systemEnvironment': no URL paths identified
2016-01-04 23:51:07.079 DEBUG 15727 --- [    Test worker] o.s.w.s.h.BeanNameUrlHandlerMapping      : Rejected bean name 'servletContext': no URL paths identified
2016-01-04 23:51:07.079 DEBUG 15727 --- [    Test worker] o.s.w.s.h.BeanNameUrlHandlerMapping      : Rejected bean name 'contextParameters': no URL paths identified
2016-01-04 23:51:07.079 DEBUG 15727 --- [    Test worker] o.s.w.s.h.BeanNameUrlHandlerMapping      : Rejected bean name 'contextAttributes': no URL paths identified
2016-01-04 23:51:07.079 DEBUG 15727 --- [    Test worker] o.s.w.s.h.BeanNameUrlHandlerMapping      : Rejected bean name 'org.springframework.context.annotation.ConfigurationClassPostProcessor.importRegistry': no URL paths identified
2016-01-04 23:51:07.079 DEBUG 15727 --- [    Test worker] o.s.w.s.h.BeanNameUrlHandlerMapping      : Rejected bean name 'messageSource': no URL paths identified
2016-01-04 23:51:07.085  INFO 15727 --- [    Test worker] o.s.w.s.handler.SimpleUrlHandlerMapping  : Mapped URL path [/webjars/**] onto handler of type [class org.springframework.web.servlet.resource.ResourceHttpRequestHandler]
2016-01-04 23:51:07.085  INFO 15727 --- [    Test worker] o.s.w.s.handler.SimpleUrlHandlerMapping  : Mapped URL path [/**] onto handler of type [class org.springframework.web.servlet.resource.ResourceHttpRequestHandler]
2016-01-04 23:51:07.085  INFO 15727 --- [    Test worker] o.s.w.s.handler.SimpleUrlHandlerMapping  : Mapped URL path [/docs/**] onto handler of type [class org.springframework.web.servlet.resource.ResourceHttpRequestHandler]
2016-01-04 23:51:07.092 DEBUG 15727 --- [    Test worker] .m.m.a.ExceptionHandlerExceptionResolver : Looking for exception mappings: org.springframework.web.context.support.GenericWebApplicationContext@5fdee6e: startup date [Mon Jan 04 23:51:04 BRST 2016]; parent: org.springframework.context.annotation.AnnotationConfigApplicationContext@18112173
2016-01-04 23:51:07.095  INFO 15727 --- [    Test worker] .m.m.a.ExceptionHandlerExceptionResolver : Detected ResponseBodyAdvice implementation in org.springframework.boot.actuate.autoconfigure.EndpointWebMvcHypermediaManagementContextConfiguration$ActuatorEndpointLinksAdvice
2016-01-04 23:51:07.108  INFO 15727 --- [    Test worker] o.s.w.s.handler.SimpleUrlHandlerMapping  : Mapped URL path [/**/favicon.ico] onto handler of type [class org.springframework.web.servlet.resource.ResourceHttpRequestHandler]
2016-01-04 23:51:07.114 DEBUG 15727 --- [    Test worker] o.s.w.c.s.StandardServletEnvironment     : Adding [servletConfigInitParams] PropertySource with lowest search precedence
2016-01-04 23:51:07.114 DEBUG 15727 --- [    Test worker] o.s.w.c.s.StandardServletEnvironment     : Adding [servletContextInitParams] PropertySource with lowest search precedence
2016-01-04 23:51:07.114 DEBUG 15727 --- [    Test worker] o.s.w.c.s.StandardServletEnvironment     : Adding [systemProperties] PropertySource with lowest search precedence
2016-01-04 23:51:07.114 DEBUG 15727 --- [    Test worker] o.s.w.c.s.StandardServletEnvironment     : Adding [systemEnvironment] PropertySource with lowest search precedence
2016-01-04 23:51:07.114 DEBUG 15727 --- [    Test worker] o.s.w.c.s.StandardServletEnvironment     : Initialized StandardServletEnvironment with PropertySources [servletConfigInitParams,servletContextInitParams,systemProperties,systemEnvironment]
2016-01-04 23:51:07.123 DEBUG 15727 --- [    Test worker] o.s.w.c.s.StandardServletEnvironment     : Adding [servletConfigInitParams] PropertySource with lowest search precedence
2016-01-04 23:51:07.123 DEBUG 15727 --- [    Test worker] o.s.w.c.s.StandardServletEnvironment     : Adding [servletContextInitParams] PropertySource with lowest search precedence
2016-01-04 23:51:07.123 DEBUG 15727 --- [    Test worker] o.s.w.c.s.StandardServletEnvironment     : Adding [systemProperties] PropertySource with lowest search precedence
2016-01-04 23:51:07.123 DEBUG 15727 --- [    Test worker] o.s.w.c.s.StandardServletEnvironment     : Adding [systemEnvironment] PropertySource with lowest search precedence
2016-01-04 23:51:07.123 DEBUG 15727 --- [    Test worker] o.s.w.c.s.StandardServletEnvironment     : Initialized StandardServletEnvironment with PropertySources [servletConfigInitParams,servletContextInitParams,systemProperties,systemEnvironment]
2016-01-04 23:51:07.125 DEBUG 15727 --- [    Test worker] o.s.w.c.s.StandardServletEnvironment     : Adding [servletConfigInitParams] PropertySource with lowest search precedence
2016-01-04 23:51:07.125 DEBUG 15727 --- [    Test worker] o.s.w.c.s.StandardServletEnvironment     : Adding [servletContextInitParams] PropertySource with lowest search precedence
2016-01-04 23:51:07.125 DEBUG 15727 --- [    Test worker] o.s.w.c.s.StandardServletEnvironment     : Adding [systemProperties] PropertySource with lowest search precedence
2016-01-04 23:51:07.125 DEBUG 15727 --- [    Test worker] o.s.w.c.s.StandardServletEnvironment     : Adding [systemEnvironment] PropertySource with lowest search precedence
2016-01-04 23:51:07.125 DEBUG 15727 --- [    Test worker] o.s.w.c.s.StandardServletEnvironment     : Initialized StandardServletEnvironment with PropertySources [servletConfigInitParams,servletContextInitParams,systemProperties,systemEnvironment]
2016-01-04 23:51:07.310  INFO 15727 --- [    Test worker] o.s.b.a.e.mvc.EndpointHandlerMapping     : Mapped "{[/autoconfig || /autoconfig.json],methods=[GET],produces=[application/json]}" onto public java.lang.Object org.springframework.boot.actuate.endpoint.mvc.EndpointMvcAdapter.invoke()
2016-01-04 23:51:07.312  INFO 15727 --- [    Test worker] o.s.b.a.e.mvc.EndpointHandlerMapping     : Mapped "{[/env],methods=[POST]}" onto public java.lang.Object org.springframework.cloud.context.environment.EnvironmentManagerMvcEndpoint.value(java.util.Map<java.lang.String, java.lang.String>)
2016-01-04 23:51:07.312  INFO 15727 --- [    Test worker] o.s.b.a.e.mvc.EndpointHandlerMapping     : Mapped "{[/env/reset],methods=[POST]}" onto public java.util.Map<java.lang.String, java.lang.Object> org.springframework.cloud.context.environment.EnvironmentManagerMvcEndpoint.reset()
2016-01-04 23:51:07.313  INFO 15727 --- [    Test worker] o.s.b.a.e.mvc.EndpointHandlerMapping     : Mapped "{[/pause || /pause.json],methods=[POST]}" onto public java.lang.Object org.springframework.cloud.endpoint.GenericPostableMvcEndpoint.invoke()
2016-01-04 23:51:07.313  INFO 15727 --- [    Test worker] o.s.b.a.e.mvc.EndpointHandlerMapping     : Mapped "{[/beans || /beans.json],methods=[GET],produces=[application/json]}" onto public java.lang.Object org.springframework.boot.actuate.endpoint.mvc.EndpointMvcAdapter.invoke()
2016-01-04 23:51:07.313  INFO 15727 --- [    Test worker] o.s.b.a.e.mvc.EndpointHandlerMapping     : Mapped "{[/configprops || /configprops.json],methods=[GET],produces=[application/json]}" onto public java.lang.Object org.springframework.boot.actuate.endpoint.mvc.EndpointMvcAdapter.invoke()
2016-01-04 23:51:07.314  INFO 15727 --- [    Test worker] o.s.b.a.e.mvc.EndpointHandlerMapping     : Mapped "{[/metrics/{name:.*}],methods=[GET],produces=[application/json]}" onto public java.lang.Object org.springframework.boot.actuate.endpoint.mvc.MetricsMvcEndpoint.value(java.lang.String)
2016-01-04 23:51:07.314  INFO 15727 --- [    Test worker] o.s.b.a.e.mvc.EndpointHandlerMapping     : Mapped "{[/metrics || /metrics.json],methods=[GET],produces=[application/json]}" onto public java.lang.Object org.springframework.boot.actuate.endpoint.mvc.EndpointMvcAdapter.invoke()
2016-01-04 23:51:07.314  INFO 15727 --- [    Test worker] o.s.b.a.e.mvc.EndpointHandlerMapping     : Mapped "{[/mappings || /mappings.json],methods=[GET],produces=[application/json]}" onto public java.lang.Object org.springframework.boot.actuate.endpoint.mvc.EndpointMvcAdapter.invoke()
2016-01-04 23:51:07.315  INFO 15727 --- [    Test worker] o.s.b.a.e.mvc.EndpointHandlerMapping     : Mapped "{[/actuator/],produces=[application/json]}" onto public java.lang.String org.springframework.boot.actuate.endpoint.mvc.HalJsonMvcEndpoint.forward()
2016-01-04 23:51:07.315  INFO 15727 --- [    Test worker] o.s.b.a.e.mvc.EndpointHandlerMapping     : Mapped "{[/actuator || /actuator.json],produces=[application/json]}" onto public org.springframework.hateoas.ResourceSupport org.springframework.boot.actuate.endpoint.mvc.HalJsonMvcEndpoint.links()
2016-01-04 23:51:07.316  INFO 15727 --- [    Test worker] o.s.b.a.e.mvc.EndpointHandlerMapping     : Mapped "{[/health || /health.json],produces=[application/json]}" onto public java.lang.Object org.springframework.boot.actuate.endpoint.mvc.HealthMvcEndpoint.invoke(java.security.Principal)
2016-01-04 23:51:07.316  INFO 15727 --- [    Test worker] o.s.b.a.e.mvc.EndpointHandlerMapping     : Mapped "{[/env/{name:.*}],methods=[GET],produces=[application/json]}" onto public java.lang.Object org.springframework.boot.actuate.endpoint.mvc.EnvironmentMvcEndpoint.value(java.lang.String)
2016-01-04 23:51:07.316  INFO 15727 --- [    Test worker] o.s.b.a.e.mvc.EndpointHandlerMapping     : Mapped "{[/env || /env.json],methods=[GET],produces=[application/json]}" onto public java.lang.Object org.springframework.boot.actuate.endpoint.mvc.EndpointMvcAdapter.invoke()
2016-01-04 23:51:07.317  INFO 15727 --- [    Test worker] o.s.b.a.e.mvc.EndpointHandlerMapping     : Mapped "{[/resume || /resume.json],methods=[POST]}" onto public java.lang.Object org.springframework.cloud.endpoint.GenericPostableMvcEndpoint.invoke()
2016-01-04 23:51:07.317  INFO 15727 --- [    Test worker] o.s.b.a.e.mvc.EndpointHandlerMapping     : Mapped "{[/restart || /restart.json],methods=[POST]}" onto public java.lang.Object org.springframework.cloud.context.restart.RestartMvcEndpoint.invoke()
2016-01-04 23:51:07.318  INFO 15727 --- [    Test worker] o.s.b.a.e.mvc.EndpointHandlerMapping     : Mapped "{[/info || /info.json],methods=[GET],produces=[application/json]}" onto public java.lang.Object org.springframework.boot.actuate.endpoint.mvc.EndpointMvcAdapter.invoke()
2016-01-04 23:51:07.318  INFO 15727 --- [    Test worker] o.s.b.a.e.mvc.EndpointHandlerMapping     : Mapped "{[/dump || /dump.json],methods=[GET],produces=[application/json]}" onto public java.lang.Object org.springframework.boot.actuate.endpoint.mvc.EndpointMvcAdapter.invoke()
2016-01-04 23:51:07.319  INFO 15727 --- [    Test worker] o.s.b.a.e.mvc.EndpointHandlerMapping     : Mapped "{[/docs/],produces=[text/html]}" onto public java.lang.String org.springframework.boot.actuate.endpoint.mvc.DocsMvcEndpoint.browse()
2016-01-04 23:51:07.319  INFO 15727 --- [    Test worker] o.s.b.a.e.mvc.EndpointHandlerMapping     : Mapped "{[/docs],produces=[text/html]}" onto public java.lang.String org.springframework.boot.actuate.endpoint.mvc.DocsMvcEndpoint.redirect()
2016-01-04 23:51:07.319  INFO 15727 --- [    Test worker] o.s.b.a.e.mvc.EndpointHandlerMapping     : Mapped "{[/trace || /trace.json],methods=[GET],produces=[application/json]}" onto public java.lang.Object org.springframework.boot.actuate.endpoint.mvc.EndpointMvcAdapter.invoke()
2016-01-04 23:51:07.319  INFO 15727 --- [    Test worker] o.s.b.a.e.mvc.EndpointHandlerMapping     : Mapped "{[/refresh || /refresh.json],methods=[POST]}" onto public java.lang.Object org.springframework.cloud.endpoint.GenericPostableMvcEndpoint.invoke()
2016-01-04 23:51:07.326 DEBUG 15727 --- [    Test worker] o.s.w.c.s.StandardServletEnvironment     : Adding [servletConfigInitParams] PropertySource with lowest search precedence
2016-01-04 23:51:07.326 DEBUG 15727 --- [    Test worker] o.s.w.c.s.StandardServletEnvironment     : Adding [servletContextInitParams] PropertySource with lowest search precedence
2016-01-04 23:51:07.326 DEBUG 15727 --- [    Test worker] o.s.w.c.s.StandardServletEnvironment     : Adding [systemProperties] PropertySource with lowest search precedence
2016-01-04 23:51:07.326 DEBUG 15727 --- [    Test worker] o.s.w.c.s.StandardServletEnvironment     : Adding [systemEnvironment] PropertySource with lowest search precedence
2016-01-04 23:51:07.326 DEBUG 15727 --- [    Test worker] o.s.w.c.s.StandardServletEnvironment     : Initialized StandardServletEnvironment with PropertySources [servletConfigInitParams,servletContextInitParams,systemProperties,systemEnvironment]
2016-01-04 23:51:07.348 DEBUG 15727 --- [    Test worker] o.s.w.c.s.StandardServletEnvironment     : Adding [servletConfigInitParams] PropertySource with lowest search precedence
2016-01-04 23:51:07.348 DEBUG 15727 --- [    Test worker] o.s.w.c.s.StandardServletEnvironment     : Adding [servletContextInitParams] PropertySource with lowest search precedence
2016-01-04 23:51:07.348 DEBUG 15727 --- [    Test worker] o.s.w.c.s.StandardServletEnvironment     : Adding [systemProperties] PropertySource with lowest search precedence
2016-01-04 23:51:07.348 DEBUG 15727 --- [    Test worker] o.s.w.c.s.StandardServletEnvironment     : Adding [systemEnvironment] PropertySource with lowest search precedence
2016-01-04 23:51:07.348 DEBUG 15727 --- [    Test worker] o.s.w.c.s.StandardServletEnvironment     : Initialized StandardServletEnvironment with PropertySources [servletConfigInitParams,servletContextInitParams,systemProperties,systemEnvironment]
2016-01-04 23:51:07.353 DEBUG 15727 --- [    Test worker] o.s.w.c.s.StandardServletEnvironment     : Adding [servletConfigInitParams] PropertySource with lowest search precedence
2016-01-04 23:51:07.353 DEBUG 15727 --- [    Test worker] o.s.w.c.s.StandardServletEnvironment     : Adding [servletContextInitParams] PropertySource with lowest search precedence
2016-01-04 23:51:07.353 DEBUG 15727 --- [    Test worker] o.s.w.c.s.StandardServletEnvironment     : Adding [systemProperties] PropertySource with lowest search precedence
2016-01-04 23:51:07.353 DEBUG 15727 --- [    Test worker] o.s.w.c.s.StandardServletEnvironment     : Adding [systemEnvironment] PropertySource with lowest search precedence
2016-01-04 23:51:07.353 DEBUG 15727 --- [    Test worker] o.s.w.c.s.StandardServletEnvironment     : Initialized StandardServletEnvironment with PropertySources [servletConfigInitParams,servletContextInitParams,systemProperties,systemEnvironment]
2016-01-04 23:51:07.366 DEBUG 15727 --- [    Test worker] o.s.w.c.s.StandardServletEnvironment     : Adding [servletConfigInitParams] PropertySource with lowest search precedence
2016-01-04 23:51:07.366 DEBUG 15727 --- [    Test worker] o.s.w.c.s.StandardServletEnvironment     : Adding [servletContextInitParams] PropertySource with lowest search precedence
2016-01-04 23:51:07.366 DEBUG 15727 --- [    Test worker] o.s.w.c.s.StandardServletEnvironment     : Adding [systemProperties] PropertySource with lowest search precedence
2016-01-04 23:51:07.366 DEBUG 15727 --- [    Test worker] o.s.w.c.s.StandardServletEnvironment     : Adding [systemEnvironment] PropertySource with lowest search precedence
2016-01-04 23:51:07.366 DEBUG 15727 --- [    Test worker] o.s.w.c.s.StandardServletEnvironment     : Initialized StandardServletEnvironment with PropertySources [servletConfigInitParams,servletContextInitParams,systemProperties,systemEnvironment]
2016-01-04 23:51:07.469 DEBUG 15727 --- [    Test worker] o.s.w.c.s.GenericWebApplicationContext   : Unable to locate LifecycleProcessor with name 'lifecycleProcessor': using default [org.springframework.context.support.DefaultLifecycleProcessor@27f94aaf]
2016-01-04 23:51:07.476 DEBUG 15727 --- [    Test worker] o.s.w.s.resource.ResourceUrlProvider     : Looking for resource handler mappings
2016-01-04 23:51:07.477 DEBUG 15727 --- [    Test worker] o.s.w.s.resource.ResourceUrlProvider     : Found resource handler mapping: URL pattern="/**/favicon.ico", locations=[class path resource [META-INF/resources/], class path resource [resources/], class path resource [static/], class path resource [public/], class path resource []], resolvers=[org.springframework.web.servlet.resource.PathResourceResolver@2d95ef0a]
2016-01-04 23:51:07.477 DEBUG 15727 --- [    Test worker] o.s.w.s.resource.ResourceUrlProvider     : Found resource handler mapping: URL pattern="/webjars/**", locations=[class path resource [META-INF/resources/webjars/]], resolvers=[org.springframework.web.servlet.resource.PathResourceResolver@4675a962]
2016-01-04 23:51:07.477 DEBUG 15727 --- [    Test worker] o.s.w.s.resource.ResourceUrlProvider     : Found resource handler mapping: URL pattern="/**", locations=[ServletContext resource [/], class path resource [META-INF/resources/], class path resource [resources/], class path resource [static/], class path resource [public/]], resolvers=[org.springframework.web.servlet.resource.PathResourceResolver@4c54fefe]
2016-01-04 23:51:07.477 DEBUG 15727 --- [    Test worker] o.s.w.s.resource.ResourceUrlProvider     : Found resource handler mapping: URL pattern="/docs/**", locations=[class path resource [META-INF/resources/spring-boot-actuator/docs/]], resolvers=[org.springframework.web.servlet.resource.PathResourceResolver@6fa3515a]
Default Active profile is running
2016-01-04 23:51:07.482  INFO 15727 --- [    Test worker] co.lsnbox.auth.AccountControllerTest     : Started AccountControllerTest in 3.075 seconds (JVM running for 3.595)
2016-01-04 23:51:07.562 DEBUG 15727 --- [    Test worker] o.s.w.c.s.StandardServletEnvironment     : Adding [servletConfigInitParams] PropertySource with lowest search precedence
2016-01-04 23:51:07.562 DEBUG 15727 --- [    Test worker] o.s.w.c.s.StandardServletEnvironment     : Adding [servletContextInitParams] PropertySource with lowest search precedence
2016-01-04 23:51:07.562 DEBUG 15727 --- [    Test worker] o.s.w.c.s.StandardServletEnvironment     : Adding [systemProperties] PropertySource with lowest search precedence
2016-01-04 23:51:07.562 DEBUG 15727 --- [    Test worker] o.s.w.c.s.StandardServletEnvironment     : Adding [systemEnvironment] PropertySource with lowest search precedence
2016-01-04 23:51:07.562 DEBUG 15727 --- [    Test worker] o.s.w.c.s.StandardServletEnvironment     : Initialized StandardServletEnvironment with PropertySources [servletConfigInitParams,servletContextInitParams,systemProperties,systemEnvironment]
2016-01-04 23:51:07.562  INFO 15727 --- [    Test worker] o.s.b.test.SpringBootMockServletContext  : Initializing Spring FrameworkServlet ''
2016-01-04 23:51:07.562  INFO 15727 --- [    Test worker] o.s.t.web.servlet.TestDispatcherServlet  : FrameworkServlet '': initialization started
2016-01-04 23:51:07.568  INFO 15727 --- [    Test worker] o.s.t.web.servlet.TestDispatcherServlet  : FrameworkServlet '': initialization completed in 6 ms
]]></system-out>
  <system-err><![CDATA[]]></system-err>
</testsuite>
